[debug] [2022-06-07T12:12:08.605Z] ----------------------------------------------------------------------
[debug] [2022-06-07T12:12:08.608Z] Command:       C:\Program Files\nodejs\node.exe C:\Users\Funoon\AppData\Roaming\npm\node_modules\firebase-tools\lib\bin\firebase.js emulators:start --import=exported-dev-data --export-on-exit=exported-dev-data
[debug] [2022-06-07T12:12:08.609Z] CLI Version:   11.0.1
[debug] [2022-06-07T12:12:08.609Z] Platform:      win32
[debug] [2022-06-07T12:12:08.609Z] Node Version:  v16.15.0
[debug] [2022-06-07T12:12:08.610Z] Time:          Tue Jun 07 2022 14:12:08 GMT+0200 (Eastern European Standard Time)
[debug] [2022-06-07T12:12:08.611Z] ----------------------------------------------------------------------
[debug] 
[debug] [2022-06-07T12:12:08.717Z] > command requires scopes: ["email","openid","https://www.googleapis.com/auth/cloudplatformprojects.readonly","https://www.googleapis.com/auth/firebase","https://www.googleapis.com/auth/cloud-platform"]
[debug] [2022-06-07T12:12:08.717Z] > authorizing via signed-in user (abobkerelaghel@gmail.com)
[debug] [2022-06-07T12:12:08.986Z] java version "18.0.1.1" 2022-04-22

[debug] [2022-06-07T12:12:08.987Z] Java(TM) SE Runtime Environment (build 18.0.1.1+2-6)
Java HotSpot(TM) 64-Bit Server VM (build 18.0.1.1+2-6, mixed mode, sharing)

[debug] [2022-06-07T12:12:09.020Z] Parsed Java major version: 18
[info] i  emulators: Starting emulators: auth, functions, firestore, database, hosting, pubsub, storage {"metadata":{"emulator":{"name":"hub"},"message":"Starting emulators: auth, functions, firestore, database, hosting, pubsub, storage"}}
[warn] !  emulators: It seems that you are running multiple instances of the emulator suite for project al-distor-org. This may result in unexpected behavior. 
[debug] [2022-06-07T12:12:09.067Z] [hub] writing locator at C:\Users\Funoon\AppData\Local\Temp\hub-al-distor-org.json
[warn] !  emulators: Could not find import/export metadata file, skipping data import! {"metadata":{"emulator":{"name":"hub"},"message":"Could not find import/export metadata file, \u001b[1mskipping data import!\u001b[22m"}}
[info] +  functions: Using node@16 from host. {"metadata":{"emulator":{"name":"functions"},"message":"Using node@16 from host."}}
[debug] [2022-06-07T12:12:09.452Z] defaultcredentials: writing to file C:\Users\Funoon\AppData\Roaming\firebase\abobkerelaghel_gmail_com_application_default_credentials.json
[debug] [2022-06-07T12:12:09.453Z] Setting GAC to C:\Users\Funoon\AppData\Roaming\firebase\abobkerelaghel_gmail_com_application_default_credentials.json {"metadata":{"emulator":{"name":"functions"},"message":"Setting GAC to C:\\Users\\Funoon\\AppData\\Roaming\\firebase\\abobkerelaghel_gmail_com_application_default_credentials.json"}}
[debug] [2022-06-07T12:12:09.455Z] > refreshing access token with scopes: []
[debug] [2022-06-07T12:12:09.456Z] >>> HTTP REQUEST POST https://www.googleapis.com/oauth2/v3/token  
 <request body omitted>
[debug] [2022-06-07T12:12:09.635Z] <<< HTTP RESPONSE 200 {"date":"Tue, 07 Jun 2022 12:12:10 GMT","cache-control":"no-cache, no-store, max-age=0, must-revalidate","pragma":"no-cache","expires":"Mon, 01 Jan 1990 00:00:00 GMT","content-type":"application/json; charset=utf-8","vary":"X-Origin, Referer, Origin,Accept-Encoding","server":"scaffolding on HTTPServer2","x-xss-protection":"0","x-frame-options":"SAMEORIGIN","x-content-type-options":"nosniff","alt-svc":"h3=\":443\"; ma=2592000,h3-29=\":443\"; ma=2592000,h3-Q050=\":443\"; ma=2592000,h3-Q046=\":443\"; ma=2592000,h3-Q043=\":443\"; ma=2592000,quic=\":443\"; ma=2592000; v=\"46,43\"","accept-ranges":"none","transfer-encoding":"chunked"}
[debug] [2022-06-07T12:12:09.649Z] >>> [apiv2][query] GET https://firebase.googleapis.com/v1beta1/projects/al-distor-org/adminSdkConfig [none]
[debug] [2022-06-07T12:12:10.005Z] <<< [apiv2][status] GET https://firebase.googleapis.com/v1beta1/projects/al-distor-org/adminSdkConfig 200
[debug] [2022-06-07T12:12:10.005Z] <<< [apiv2][body] GET https://firebase.googleapis.com/v1beta1/projects/al-distor-org/adminSdkConfig {"projectId":"al-distor-org","storageBucket":"al-distor-org.appspot.com","locationId":"europe-west"}
[debug] [2022-06-07T12:12:10.028Z] Ignoring unsupported arg: projectId {"metadata":{"emulator":{"name":"firestore"},"message":"Ignoring unsupported arg: projectId"}}
[debug] [2022-06-07T12:12:10.029Z] Ignoring unsupported arg: auto_download {"metadata":{"emulator":{"name":"firestore"},"message":"Ignoring unsupported arg: auto_download"}}
[debug] [2022-06-07T12:12:10.029Z] Starting Firestore Emulator with command {"binary":"java","args":["-Dgoogle.cloud_firestore.debug_log_level=FINE","-Duser.language=en","-jar","C:\\Users\\Funoon\\.cache\\firebase\\emulators\\cloud-firestore-emulator-v1.14.3.jar","--host","localhost","--port",8080,"--rules","C:\\Users\\Funoon\\Desktop\\Projects\\distor-admin-dashboard\\firestore.rules","--functions_emulator","localhost:5001"],"optionalArgs":["port","webchannel_port","host","rules","functions_emulator","seed_from_export"],"joinArgs":false} {"metadata":{"emulator":{"name":"firestore"},"message":"Starting Firestore Emulator with command {\"binary\":\"java\",\"args\":[\"-Dgoogle.cloud_firestore.debug_log_level=FINE\",\"-Duser.language=en\",\"-jar\",\"C:\\\\Users\\\\Funoon\\\\.cache\\\\firebase\\\\emulators\\\\cloud-firestore-emulator-v1.14.3.jar\",\"--host\",\"localhost\",\"--port\",8080,\"--rules\",\"C:\\\\Users\\\\Funoon\\\\Desktop\\\\Projects\\\\distor-admin-dashboard\\\\firestore.rules\",\"--functions_emulator\",\"localhost:5001\"],\"optionalArgs\":[\"port\",\"webchannel_port\",\"host\",\"rules\",\"functions_emulator\",\"seed_from_export\"],\"joinArgs\":false}"}}
[info] i  firestore: Firestore Emulator logging to firestore-debug.log {"metadata":{"emulator":{"name":"firestore"},"message":"Firestore Emulator logging to \u001b[1mfirestore-debug.log\u001b[22m"}}
[debug] [2022-06-07T12:12:12.163Z] >>> [apiv2][query] GET https://firebase.googleapis.com/v1beta1/projects/al-distor-org [none]
[debug] [2022-06-07T12:12:12.585Z] <<< [apiv2][status] GET https://firebase.googleapis.com/v1beta1/projects/al-distor-org 200
[debug] [2022-06-07T12:12:12.585Z] <<< [apiv2][body] GET https://firebase.googleapis.com/v1beta1/projects/al-distor-org {"projectId":"al-distor-org","projectNumber":"17612612435","displayName":"Al Distor org","name":"projects/al-distor-org","resources":{"hostingSite":"al-distor-org","storageBucket":"al-distor-org.appspot.com","locationId":"europe-west"},"state":"ACTIVE"}
[debug] [2022-06-07T12:12:12.586Z] database rules config:  []
[warn] !  database: Did not find a Realtime Database rules file specified in a firebase.json config file. The emulator will default to allowing all reads and writes. Learn more about this option: https://firebase.google.com/docs/emulator-suite/install_and_configure#security_rules_configuration. {"metadata":{"emulator":{"name":"database"},"message":"Did not find a Realtime Database rules file specified in a firebase.json config file. The emulator will default to allowing all reads and writes. Learn more about this option: https://firebase.google.com/docs/emulator-suite/install_and_configure#security_rules_configuration."}}
[debug] [2022-06-07T12:12:12.590Z] Ignoring unsupported arg: projectId {"metadata":{"emulator":{"name":"database"},"message":"Ignoring unsupported arg: projectId"}}
[debug] [2022-06-07T12:12:12.590Z] Ignoring unsupported arg: auto_download {"metadata":{"emulator":{"name":"database"},"message":"Ignoring unsupported arg: auto_download"}}
[debug] [2022-06-07T12:12:12.590Z] Ignoring unsupported arg: rules {"metadata":{"emulator":{"name":"database"},"message":"Ignoring unsupported arg: rules"}}
[debug] [2022-06-07T12:12:12.590Z] Starting Database Emulator with command {"binary":"java","args":["-Duser.language=en","-jar","C:\\Users\\Funoon\\.cache\\firebase\\emulators\\firebase-database-emulator-v4.8.0.jar","--host","localhost","--port",9000,"--functions_emulator_host","localhost","--functions_emulator_port",5001],"optionalArgs":["port","host","functions_emulator_port","functions_emulator_host"],"joinArgs":false} {"metadata":{"emulator":{"name":"database"},"message":"Starting Database Emulator with command {\"binary\":\"java\",\"args\":[\"-Duser.language=en\",\"-jar\",\"C:\\\\Users\\\\Funoon\\\\.cache\\\\firebase\\\\emulators\\\\firebase-database-emulator-v4.8.0.jar\",\"--host\",\"localhost\",\"--port\",9000,\"--functions_emulator_host\",\"localhost\",\"--functions_emulator_port\",5001],\"optionalArgs\":[\"port\",\"host\",\"functions_emulator_port\",\"functions_emulator_host\"],\"joinArgs\":false}"}}
[info] i  database: Database Emulator logging to database-debug.log {"metadata":{"emulator":{"name":"database"},"message":"Database Emulator logging to \u001b[1mdatabase-debug.log\u001b[22m"}}
[debug] [2022-06-07T12:12:24.730Z] Ignoring unsupported arg: projectId {"metadata":{"emulator":{"name":"pubsub"},"message":"Ignoring unsupported arg: projectId"}}
[debug] [2022-06-07T12:12:24.730Z] Ignoring unsupported arg: auto_download {"metadata":{"emulator":{"name":"pubsub"},"message":"Ignoring unsupported arg: auto_download"}}
[debug] [2022-06-07T12:12:24.730Z] Starting Pub/Sub Emulator with command {"binary":"C:\\Users\\Funoon\\.cache\\firebase\\emulators\\pubsub-emulator-0.1.0\\pubsub-emulator\\bin\\cloud-pubsub-emulator.bat","args":["--host=localhost","--port=8085"],"optionalArgs":["port","host"],"joinArgs":true} {"metadata":{"emulator":{"name":"pubsub"},"message":"Starting Pub/Sub Emulator with command {\"binary\":\"C:\\\\Users\\\\Funoon\\\\.cache\\\\firebase\\\\emulators\\\\pubsub-emulator-0.1.0\\\\pubsub-emulator\\\\bin\\\\cloud-pubsub-emulator.bat\",\"args\":[\"--host=localhost\",\"--port=8085\"],\"optionalArgs\":[\"port\",\"host\"],\"joinArgs\":true}"}}
[info] i  pubsub: Pub/Sub Emulator logging to pubsub-debug.log {"metadata":{"emulator":{"name":"pubsub"},"message":"Pub/Sub Emulator logging to \u001b[1mpubsub-debug.log\u001b[22m"}}
[debug] [2022-06-07T12:12:26.592Z] Ignoring unsupported arg: port {"metadata":{"emulator":{"name":"storage"},"message":"Ignoring unsupported arg: port"}}
[debug] [2022-06-07T12:12:27.919Z] Temp file directory for storage emulator: C:\Users\Funoon\AppData\Local\Temp/firebase/storage/blobs {"metadata":{"emulator":{"name":"storage"},"message":"Temp file directory for storage emulator: C:\\Users\\Funoon\\AppData\\Local\\Temp/firebase/storage/blobs"}}
[debug] [2022-06-07T12:12:28.202Z] >>> [apiv2][query] GET https://firebasehosting.googleapis.com/v1beta1/projects/al-distor-org/sites 
[debug] [2022-06-07T12:12:29.369Z] <<< [apiv2][status] GET https://firebasehosting.googleapis.com/v1beta1/projects/al-distor-org/sites 200
[debug] [2022-06-07T12:12:29.370Z] <<< [apiv2][body] GET https://firebasehosting.googleapis.com/v1beta1/projects/al-distor-org/sites {"sites":[{"name":"projects/al-distor-org/sites/al-distor-org","defaultUrl":"https://al-distor-org.web.app","appId":"1:17612612435:web:ae0f679a5ff166116f37a6","type":"DEFAULT_SITE"}]}
[debug] [2022-06-07T12:12:29.371Z] >>> [apiv2][query] GET https://firebase.googleapis.com/v1beta1/projects/al-distor-org/webApps/1:17612612435:web:ae0f679a5ff166116f37a6/config [none]
[debug] [2022-06-07T12:12:30.398Z] <<< [apiv2][status] GET https://firebase.googleapis.com/v1beta1/projects/al-distor-org/webApps/1:17612612435:web:ae0f679a5ff166116f37a6/config 200
[debug] [2022-06-07T12:12:30.398Z] <<< [apiv2][body] GET https://firebase.googleapis.com/v1beta1/projects/al-distor-org/webApps/1:17612612435:web:ae0f679a5ff166116f37a6/config {"projectId":"al-distor-org","appId":"1:17612612435:web:ae0f679a5ff166116f37a6","storageBucket":"al-distor-org.appspot.com","locationId":"europe-west","apiKey":"AIzaSyDcQPOdyt6tKYnnTcWaaGHc6NAHzbjrsiE","authDomain":"al-distor-org.firebaseapp.com","messagingSenderId":"17612612435","measurementId":"G-06ZL0FMHQJ"}
[info] i  hosting: Serving hosting files from: build {"metadata":{"emulator":{"name":"hosting"},"message":"Serving hosting files from: \u001b[1mbuild\u001b[22m"}}
[info] +  hosting: Local server: http://localhost:5000 {"metadata":{"emulator":{"name":"hosting"},"message":"Local server: \u001b[4m\u001b[1mhttp://localhost:5000\u001b[22m\u001b[24m"}}
[debug] [2022-06-07T12:12:30.473Z] Ignoring unsupported arg: auto_download {"metadata":{"emulator":{"name":"ui"},"message":"Ignoring unsupported arg: auto_download"}}
[debug] [2022-06-07T12:12:30.474Z] Ignoring unsupported arg: port {"metadata":{"emulator":{"name":"ui"},"message":"Ignoring unsupported arg: port"}}
[debug] [2022-06-07T12:12:30.474Z] Starting Emulator UI with command {"binary":"node","args":["--dns-result-order=ipv4first","C:\\Users\\Funoon\\.cache\\firebase\\emulators\\ui-v1.7.0\\server.bundle.js"],"optionalArgs":[],"joinArgs":false} {"metadata":{"emulator":{"name":"ui"},"message":"Starting Emulator UI with command {\"binary\":\"node\",\"args\":[\"--dns-result-order=ipv4first\",\"C:\\\\Users\\\\Funoon\\\\.cache\\\\firebase\\\\emulators\\\\ui-v1.7.0\\\\server.bundle.js\"],\"optionalArgs\":[],\"joinArgs\":false}"}}
[info] i  ui: Emulator UI logging to ui-debug.log {"metadata":{"emulator":{"name":"ui"},"message":"Emulator UI logging to \u001b[1mui-debug.log\u001b[22m"}}
[debug] [2022-06-07T12:12:30.683Z] Web / API server started at localhost:4000
 {"metadata":{"emulator":{"name":"ui"},"message":"Web / API server started at localhost:4000\n"}}
[info] i  functions: Watching "C:\Users\Funoon\Desktop\Projects\distor-admin-dashboard\functions" for Cloud Functions... {"metadata":{"emulator":{"name":"functions"},"message":"Watching \"C:\\Users\\Funoon\\Desktop\\Projects\\distor-admin-dashboard\\functions\" for Cloud Functions..."}}
[debug] [2022-06-07T12:12:30.765Z] Validating nodejs source
[debug] [2022-06-07T12:12:35.007Z] > [functions] package.json contents: {
  "name": "functions",
  "scripts": {
    "build": "tsc",
    "serve": "npm run build && firebase emulators:start --import=exported-dev-data --export-on-exit=exported-dev-data",
    "shell": "npm run build && firebase functions:shell",
    "start": "npm run shell",
    "deploy": "firebase deploy --only functions",
    "logs": "firebase functions:log"
  },
  "engines": {
    "node": "16"
  },
  "main": "lib/index.js",
  "dependencies": {
    "firebase-admin": "^10.0.2",
    "firebase-functions": "^3.18.0"
  },
  "devDependencies": {
    "typescript": "^4.5.4",
    "firebase-functions-test": "^0.2.0"
  },
  "private": true
}
[debug] [2022-06-07T12:12:35.008Z] Building nodejs source
[debug] [2022-06-07T12:12:35.008Z] Analyzing nodejs backend spec
[debug] [2022-06-07T12:12:35.010Z] Could not find functions.yaml. Must use http discovery
[debug] [2022-06-07T12:12:35.560Z] Serving at port 9005

[debug] [2022-06-07T12:12:35.734Z] Got response from /__/functions.yaml {"endpoints":{"adminAddUser":{"platform":"gcfv1","labels":{},"region":["europe-west1"],"callableTrigger":{},"entryPoint":"adminAddUser"},"getAllUsers":{"platform":"gcfv1","labels":{},"region":["europe-west1"],"callableTrigger":{},"entryPoint":"getAllUsers"},"changeUserStatus":{"platform":"gcfv1","labels":{},"region":["europe-west1"],"callableTrigger":{},"entryPoint":"changeUserStatus"},"deleteUser":{"platform":"gcfv1","labels":{},"region":["europe-west1"],"callableTrigger":{},"entryPoint":"deleteUser"},"incrementSignatures":{"platform":"gcfv1","region":["europe-west1"],"eventTrigger":{"eventType":"providers/cloud.firestore/eventTypes/document.create","eventFilters":{"resource":"projects/al-distor-org/databases/(default)/documents/signatures/{signatureId}"},"retry":false},"labels":{},"entryPoint":"incrementSignatures"}},"specVersion":"v1alpha1","requiredAPIs":[]}
[debug] [2022-06-07T12:12:35.747Z] shutdown requested via /__/quitquitquit

[info] +  functions[europe-west1-adminAddUser]: http function initialized (http://localhost:5001/al-distor-org/europe-west1/adminAddUser). {"metadata":{"emulator":{"name":"functions"},"message":"\u001b[1mhttp\u001b[22m function initialized (http://localhost:5001/al-distor-org/europe-west1/adminAddUser)."}}
[info] +  functions[europe-west1-getAllUsers]: http function initialized (http://localhost:5001/al-distor-org/europe-west1/getAllUsers). {"metadata":{"emulator":{"name":"functions"},"message":"\u001b[1mhttp\u001b[22m function initialized (http://localhost:5001/al-distor-org/europe-west1/getAllUsers)."}}
[info] +  functions[europe-west1-changeUserStatus]: http function initialized (http://localhost:5001/al-distor-org/europe-west1/changeUserStatus). {"metadata":{"emulator":{"name":"functions"},"message":"\u001b[1mhttp\u001b[22m function initialized (http://localhost:5001/al-distor-org/europe-west1/changeUserStatus)."}}
[info] +  functions[europe-west1-deleteUser]: http function initialized (http://localhost:5001/al-distor-org/europe-west1/deleteUser). {"metadata":{"emulator":{"name":"functions"},"message":"\u001b[1mhttp\u001b[22m function initialized (http://localhost:5001/al-distor-org/europe-west1/deleteUser)."}}
[debug] [2022-06-07T12:12:35.765Z] addFirestoreTrigger "{\"eventTrigger\":{\"eventType\":\"providers/cloud.firestore/eventTypes/document.create\",\"resource\":\"projects/al-distor-org/databases/(default)/documents/signatures/{signatureId}\",\"service\":\"firestore.googleapis.com\"}}"
[debug] [2022-06-07T12:12:35.766Z] >>> [apiv2][query] PUT http://localhost:8080/emulator/v1/projects/al-distor-org/triggers/europe-west1-incrementSignatures-0 [none]
[debug] [2022-06-07T12:12:35.766Z] >>> [apiv2][body] PUT http://localhost:8080/emulator/v1/projects/al-distor-org/triggers/europe-west1-incrementSignatures-0 "{\"eventTrigger\":{\"eventType\":\"providers/cloud.firestore/eventTypes/document.create\",\"resource\":\"projects/al-distor-org/databases/(default)/documents/signatures/{signatureId}\",\"service\":\"firestore.googleapis.com\"}}"
[debug] [2022-06-07T12:12:35.801Z] <<< [apiv2][status] PUT http://localhost:8080/emulator/v1/projects/al-distor-org/triggers/europe-west1-incrementSignatures-0 200
[debug] [2022-06-07T12:12:35.801Z] <<< [apiv2][body] PUT http://localhost:8080/emulator/v1/projects/al-distor-org/triggers/europe-west1-incrementSignatures-0 {}
[info] +  functions[europe-west1-incrementSignatures]: firestore function initialized. {"metadata":{"emulator":{"name":"functions"},"message":"\u001b[1mfirestore\u001b[22m function initialized."}}
[info] 
┌─────────────────────────────────────────────────────────────┐
│ ✔  All emulators ready! It is now safe to connect your app. │
│ i  View Emulator UI at http://localhost:4000                │
└─────────────────────────────────────────────────────────────┘

┌────────────────┬────────────────┬─────────────────────────────────┐
│ Emulator       │ Host:Port      │ View in Emulator UI             │
├────────────────┼────────────────┼─────────────────────────────────┤
│ Authentication │ localhost:9099 │ http://localhost:4000/auth      │
├────────────────┼────────────────┼─────────────────────────────────┤
│ Functions      │ localhost:5001 │ http://localhost:4000/functions │
├────────────────┼────────────────┼─────────────────────────────────┤
│ Firestore      │ localhost:8080 │ http://localhost:4000/firestore │
├────────────────┼────────────────┼─────────────────────────────────┤
│ Database       │ localhost:9000 │ http://localhost:4000/database  │
├────────────────┼────────────────┼─────────────────────────────────┤
│ Hosting        │ localhost:5000 │ n/a                             │
├────────────────┼────────────────┼─────────────────────────────────┤
│ Pub/Sub        │ localhost:8085 │ n/a                             │
├────────────────┼────────────────┼─────────────────────────────────┤
│ Storage        │ localhost:9199 │ http://localhost:4000/storage   │
└────────────────┴────────────────┴─────────────────────────────────┘
  Emulator Hub running at localhost:4400
  Other reserved ports: 4500

Issues? Report them at https://github.com/firebase/firebase-tools/issues and attach the *-debug.log files.
 
[debug] [2022-06-07T12:13:20.832Z] [work-queue] {"queueLength":1,"workRunningCount":0}
[debug] [2022-06-07T12:13:20.832Z] [work-queue] {"queueLength":0,"workRunningCount":1}
[debug] [2022-06-07T12:13:20.833Z] Accepted request POST /functions/projects/al-distor-org/triggers/europe-west1-incrementSignatures-0 --> europe-west1-incrementSignatures-0 {"metadata":{"emulator":{"name":"functions"},"message":"Accepted request POST /functions/projects/al-distor-org/triggers/europe-west1-incrementSignatures-0 --> europe-west1-incrementSignatures-0"}}
[debug] [2022-06-07T12:13:20.847Z] [worker-pool] addWorker(europe-west1-incrementSignatures) {"metadata":{"emulator":{"name":"functions"},"message":"[worker-pool] addWorker(europe-west1-incrementSignatures)"}}
[debug] [2022-06-07T12:13:20.847Z] [worker-pool] Adding worker with key europe-west1-incrementSignatures, total=1 {"metadata":{"emulator":{"name":"functions"},"message":"[worker-pool] Adding worker with key europe-west1-incrementSignatures, total=1"}}
[debug] [2022-06-07T12:13:20.848Z] [worker-pool] submitWork(triggerId=europe-west1-incrementSignatures) {"metadata":{"emulator":{"name":"functions"},"message":"[worker-pool] submitWork(triggerId=europe-west1-incrementSignatures)"}}
[debug] [2022-06-07T12:13:20.848Z] [worker-europe-west1-incrementSignatures-9aa2c1bb-955f-404b-a869-87e870584b3f]: Assigning socketPath: \\?\pipe\C:\Users\Funoon\Desktop\Projects\distor-admin-dashboard\functions\4548 {"metadata":{"emulator":{"name":"functions"},"message":"[worker-europe-west1-incrementSignatures-9aa2c1bb-955f-404b-a869-87e870584b3f]: Assigning socketPath: \\\\?\\pipe\\C:\\Users\\Funoon\\Desktop\\Projects\\distor-admin-dashboard\\functions\\4548"}}
[debug] [2022-06-07T12:13:20.848Z] [worker-europe-west1-incrementSignatures-9aa2c1bb-955f-404b-a869-87e870584b3f]: BUSY {"metadata":{"emulator":{"name":"functions"},"message":"[worker-europe-west1-incrementSignatures-9aa2c1bb-955f-404b-a869-87e870584b3f]: BUSY"}}
[debug] [2022-06-07T12:13:23.477Z] [runtime-status] [4548] Functions runtime initialized. {"cwd":"C:\\Users\\Funoon\\Desktop\\Projects\\distor-admin-dashboard\\functions","node_version":"16.15.0"} {"metadata":{"emulator":{"name":"functions"},"function":{"name":"europe-west1-incrementSignatures"},"extension":{},"message":"[runtime-status] [4548] Functions runtime initialized. {\"cwd\":\"C:\\\\Users\\\\Funoon\\\\Desktop\\\\Projects\\\\distor-admin-dashboard\\\\functions\",\"node_version\":\"16.15.0\"}"}}
[debug] [2022-06-07T12:13:23.478Z] [runtime-status] [4548] Disabled runtime features: undefined {"metadata":{"emulator":{"name":"functions"},"function":{"name":"europe-west1-incrementSignatures"},"extension":{},"message":"[runtime-status] [4548] Disabled runtime features: undefined"}}
[debug] [2022-06-07T12:13:23.484Z] [runtime-status] [4548] Resolved module firebase-admin {"declared":true,"installed":true,"version":"10.2.0","resolution":"C:\\Users\\Funoon\\Desktop\\Projects\\distor-admin-dashboard\\functions\\node_modules\\firebase-admin\\lib\\index.js"} {"metadata":{"emulator":{"name":"functions"},"function":{"name":"europe-west1-incrementSignatures"},"extension":{},"message":"[runtime-status] [4548] Resolved module firebase-admin {\"declared\":true,\"installed\":true,\"version\":\"10.2.0\",\"resolution\":\"C:\\\\Users\\\\Funoon\\\\Desktop\\\\Projects\\\\distor-admin-dashboard\\\\functions\\\\node_modules\\\\firebase-admin\\\\lib\\\\index.js\"}"}}
[debug] [2022-06-07T12:13:23.489Z] [runtime-status] [4548] Resolved module firebase-functions {"declared":true,"installed":true,"version":"3.21.2","resolution":"C:\\Users\\Funoon\\Desktop\\Projects\\distor-admin-dashboard\\functions\\node_modules\\firebase-functions\\lib\\index.js"} {"metadata":{"emulator":{"name":"functions"},"function":{"name":"europe-west1-incrementSignatures"},"extension":{},"message":"[runtime-status] [4548] Resolved module firebase-functions {\"declared\":true,\"installed\":true,\"version\":\"3.21.2\",\"resolution\":\"C:\\\\Users\\\\Funoon\\\\Desktop\\\\Projects\\\\distor-admin-dashboard\\\\functions\\\\node_modules\\\\firebase-functions\\\\lib\\\\index.js\"}"}}
[debug] [2022-06-07T12:13:23.490Z] [runtime-status] [4548] Outgoing network have been stubbed. [{"name":"http","status":"mocked"},{"name":"http","status":"mocked"},{"name":"https","status":"mocked"},{"name":"https","status":"mocked"},{"name":"net","status":"mocked"}] {"metadata":{"emulator":{"name":"functions"},"function":{"name":"europe-west1-incrementSignatures"},"extension":{},"message":"[runtime-status] [4548] Outgoing network have been stubbed. [{\"name\":\"http\",\"status\":\"mocked\"},{\"name\":\"http\",\"status\":\"mocked\"},{\"name\":\"https\",\"status\":\"mocked\"},{\"name\":\"https\",\"status\":\"mocked\"},{\"name\":\"net\",\"status\":\"mocked\"}]"}}
[debug] [2022-06-07T12:13:23.491Z] [runtime-status] [4548] Resolved module firebase-functions {"declared":true,"installed":true,"version":"3.21.2","resolution":"C:\\Users\\Funoon\\Desktop\\Projects\\distor-admin-dashboard\\functions\\node_modules\\firebase-functions\\lib\\index.js"} {"metadata":{"emulator":{"name":"functions"},"function":{"name":"europe-west1-incrementSignatures"},"extension":{},"message":"[runtime-status] [4548] Resolved module firebase-functions {\"declared\":true,\"installed\":true,\"version\":\"3.21.2\",\"resolution\":\"C:\\\\Users\\\\Funoon\\\\Desktop\\\\Projects\\\\distor-admin-dashboard\\\\functions\\\\node_modules\\\\firebase-functions\\\\lib\\\\index.js\"}"}}
[debug] [2022-06-07T12:13:23.617Z] [runtime-status] [4548] Checked functions.config() {"config":{}} {"metadata":{"emulator":{"name":"functions"},"function":{"name":"europe-west1-incrementSignatures"},"extension":{},"message":"[runtime-status] [4548] Checked functions.config() {\"config\":{}}"}}
[debug] [2022-06-07T12:13:23.617Z] [runtime-status] [4548] firebase-functions has been stubbed. {"functionsResolution":{"declared":true,"installed":true,"version":"3.21.2","resolution":"C:\\Users\\Funoon\\Desktop\\Projects\\distor-admin-dashboard\\functions\\node_modules\\firebase-functions\\lib\\index.js"}} {"metadata":{"emulator":{"name":"functions"},"function":{"name":"europe-west1-incrementSignatures"},"extension":{},"message":"[runtime-status] [4548] firebase-functions has been stubbed. {\"functionsResolution\":{\"declared\":true,\"installed\":true,\"version\":\"3.21.2\",\"resolution\":\"C:\\\\Users\\\\Funoon\\\\Desktop\\\\Projects\\\\distor-admin-dashboard\\\\functions\\\\node_modules\\\\firebase-functions\\\\lib\\\\index.js\"}}"}}
[debug] [2022-06-07T12:13:23.619Z] [runtime-status] [4548] Resolved module firebase-functions {"declared":true,"installed":true,"version":"3.21.2","resolution":"C:\\Users\\Funoon\\Desktop\\Projects\\distor-admin-dashboard\\functions\\node_modules\\firebase-functions\\lib\\index.js"} {"metadata":{"emulator":{"name":"functions"},"function":{"name":"europe-west1-incrementSignatures"},"extension":{},"message":"[runtime-status] [4548] Resolved module firebase-functions {\"declared\":true,\"installed\":true,\"version\":\"3.21.2\",\"resolution\":\"C:\\\\Users\\\\Funoon\\\\Desktop\\\\Projects\\\\distor-admin-dashboard\\\\functions\\\\node_modules\\\\firebase-functions\\\\lib\\\\index.js\"}"}}
[debug] [2022-06-07T12:13:23.626Z] [runtime-status] [4548] Resolved module firebase-admin {"declared":true,"installed":true,"version":"10.2.0","resolution":"C:\\Users\\Funoon\\Desktop\\Projects\\distor-admin-dashboard\\functions\\node_modules\\firebase-admin\\lib\\index.js"} {"metadata":{"emulator":{"name":"functions"},"function":{"name":"europe-west1-incrementSignatures"},"extension":{},"message":"[runtime-status] [4548] Resolved module firebase-admin {\"declared\":true,\"installed\":true,\"version\":\"10.2.0\",\"resolution\":\"C:\\\\Users\\\\Funoon\\\\Desktop\\\\Projects\\\\distor-admin-dashboard\\\\functions\\\\node_modules\\\\firebase-admin\\\\lib\\\\index.js\"}"}}
[debug] [2022-06-07T12:13:23.628Z] [runtime-status] [4548] Resolved module firebase-functions {"declared":true,"installed":true,"version":"3.21.2","resolution":"C:\\Users\\Funoon\\Desktop\\Projects\\distor-admin-dashboard\\functions\\node_modules\\firebase-functions\\lib\\index.js"} {"metadata":{"emulator":{"name":"functions"},"function":{"name":"europe-west1-incrementSignatures"},"extension":{},"message":"[runtime-status] [4548] Resolved module firebase-functions {\"declared\":true,\"installed\":true,\"version\":\"3.21.2\",\"resolution\":\"C:\\\\Users\\\\Funoon\\\\Desktop\\\\Projects\\\\distor-admin-dashboard\\\\functions\\\\node_modules\\\\firebase-functions\\\\lib\\\\index.js\"}"}}
[debug] [2022-06-07T12:13:23.628Z] [runtime-status] [4548] firebase-admin has been stubbed. {"adminResolution":{"declared":true,"installed":true,"version":"10.2.0","resolution":"C:\\Users\\Funoon\\Desktop\\Projects\\distor-admin-dashboard\\functions\\node_modules\\firebase-admin\\lib\\index.js"}} {"metadata":{"emulator":{"name":"functions"},"function":{"name":"europe-west1-incrementSignatures"},"extension":{},"message":"[runtime-status] [4548] firebase-admin has been stubbed. {\"adminResolution\":{\"declared\":true,\"installed\":true,\"version\":\"10.2.0\",\"resolution\":\"C:\\\\Users\\\\Funoon\\\\Desktop\\\\Projects\\\\distor-admin-dashboard\\\\functions\\\\node_modules\\\\firebase-admin\\\\lib\\\\index.js\"}}"}}
[debug] [2022-06-07T12:13:23.634Z] [runtime-status] [4548] initializeApp(DEFAULT) {"storageBucket":"al-distor-org.appspot.com","databaseURL":"http://localhost:9000/?ns=al-distor-org","projectId":"al-distor-org"} {"metadata":{"emulator":{"name":"functions"},"function":{"name":"europe-west1-incrementSignatures"},"extension":{},"message":"[runtime-status] [4548] initializeApp(DEFAULT) {\"storageBucket\":\"al-distor-org.appspot.com\",\"databaseURL\":\"http://localhost:9000/?ns=al-distor-org\",\"projectId\":\"al-distor-org\"}"}}
[debug] [2022-06-07T12:13:23.635Z] [runtime-status] [4548] Beginning invocation function incrementSignatures! {"metadata":{"emulator":{"name":"functions"},"function":{"name":"europe-west1-incrementSignatures"},"extension":{},"message":"[runtime-status] [4548] Beginning invocation function incrementSignatures!"}}
[info] i  functions: Beginning execution of "incrementSignatures" {"metadata":{"emulator":{"name":"functions"},"function":{"name":"europe-west1-incrementSignatures"},"extension":{},"message":"Beginning execution of \"incrementSignatures\""}}
[debug] [2022-06-07T12:13:23.636Z] [runtime-status] [4548] Running incrementSignatures in signature event {"metadata":{"emulator":{"name":"functions"},"function":{"name":"europe-west1-incrementSignatures"},"extension":{},"message":"[runtime-status] [4548] Running incrementSignatures in signature event"}}
[debug] [2022-06-07T12:13:23.637Z] [runtime-status] [4548] ProcessBackground {"data":{"value":{"name":"projects/al-distor-org/databases/(default)/documents/signatures/PzTfhAViMOJgXZuFwGJq","fields":{"phone":{"stringValue":"sad"},"name":{"stringValue":"sad"},"email":{"stringValue":"sad"},"date":{"timestampValue":"2022-06-07T12:13:20.634Z"}},"createTime":"2022-06-07T12:13:20.731779Z","updateTime":"2022-06-07T12:13:20.731779Z"},"updateMask":{}},"context":{"eventId":"8312f5f0-3b43-4a5e-8e53-874c752c98d3","timestamp":"2022-06-07T12:13:20.731Z","eventType":"providers/cloud.firestore/eventTypes/document.create","resource":{"name":"projects/al-distor-org/databases/(default)/documents/signatures/PzTfhAViMOJgXZuFwGJq","service":"firestore.googleapis.com"}}} {"metadata":{"emulator":{"name":"functions"},"function":{"name":"europe-west1-incrementSignatures"},"extension":{},"message":"[runtime-status] [4548] ProcessBackground {\"data\":{\"value\":{\"name\":\"projects/al-distor-org/databases/(default)/documents/signatures/PzTfhAViMOJgXZuFwGJq\",\"fields\":{\"phone\":{\"stringValue\":\"sad\"},\"name\":{\"stringValue\":\"sad\"},\"email\":{\"stringValue\":\"sad\"},\"date\":{\"timestampValue\":\"2022-06-07T12:13:20.634Z\"}},\"createTime\":\"2022-06-07T12:13:20.731779Z\",\"updateTime\":\"2022-06-07T12:13:20.731779Z\"},\"updateMask\":{}},\"context\":{\"eventId\":\"8312f5f0-3b43-4a5e-8e53-874c752c98d3\",\"timestamp\":\"2022-06-07T12:13:20.731Z\",\"eventType\":\"providers/cloud.firestore/eventTypes/document.create\",\"resource\":{\"name\":\"projects/al-distor-org/databases/(default)/documents/signatures/PzTfhAViMOJgXZuFwGJq\",\"service\":\"firestore.googleapis.com\"}}}"}}
[debug] [2022-06-07T12:13:23.637Z] [runtime-status] [4548] ProcessBackground: lifting resource.name from resource {"name":"projects/al-distor-org/databases/(default)/documents/signatures/PzTfhAViMOJgXZuFwGJq","service":"firestore.googleapis.com"} {"metadata":{"emulator":{"name":"functions"},"function":{"name":"europe-west1-incrementSignatures"},"extension":{},"message":"[runtime-status] [4548] ProcessBackground: lifting resource.name from resource {\"name\":\"projects/al-distor-org/databases/(default)/documents/signatures/PzTfhAViMOJgXZuFwGJq\",\"service\":\"firestore.googleapis.com\"}"}}
[debug] [2022-06-07T12:13:23.637Z] [runtime-status] [4548] RunBackground {"data":{"value":{"name":"projects/al-distor-org/databases/(default)/documents/signatures/PzTfhAViMOJgXZuFwGJq","fields":{"phone":{"stringValue":"sad"},"name":{"stringValue":"sad"},"email":{"stringValue":"sad"},"date":{"timestampValue":"2022-06-07T12:13:20.634Z"}},"createTime":"2022-06-07T12:13:20.731779Z","updateTime":"2022-06-07T12:13:20.731779Z"},"updateMask":{}},"context":{"eventId":"8312f5f0-3b43-4a5e-8e53-874c752c98d3","timestamp":"2022-06-07T12:13:20.731Z","eventType":"providers/cloud.firestore/eventTypes/document.create","resource":"projects/al-distor-org/databases/(default)/documents/signatures/PzTfhAViMOJgXZuFwGJq"}} {"metadata":{"emulator":{"name":"functions"},"function":{"name":"europe-west1-incrementSignatures"},"extension":{},"message":"[runtime-status] [4548] RunBackground {\"data\":{\"value\":{\"name\":\"projects/al-distor-org/databases/(default)/documents/signatures/PzTfhAViMOJgXZuFwGJq\",\"fields\":{\"phone\":{\"stringValue\":\"sad\"},\"name\":{\"stringValue\":\"sad\"},\"email\":{\"stringValue\":\"sad\"},\"date\":{\"timestampValue\":\"2022-06-07T12:13:20.634Z\"}},\"createTime\":\"2022-06-07T12:13:20.731779Z\",\"updateTime\":\"2022-06-07T12:13:20.731779Z\"},\"updateMask\":{}},\"context\":{\"eventId\":\"8312f5f0-3b43-4a5e-8e53-874c752c98d3\",\"timestamp\":\"2022-06-07T12:13:20.731Z\",\"eventType\":\"providers/cloud.firestore/eventTypes/document.create\",\"resource\":\"projects/al-distor-org/databases/(default)/documents/signatures/PzTfhAViMOJgXZuFwGJq\"}}"}}
[debug] [2022-06-07T12:13:25.120Z] [runtime-status] [4548] Ephemeral server survived. {"metadata":{"emulator":{"name":"functions"},"function":{"name":"europe-west1-incrementSignatures"},"extension":{},"message":"[runtime-status] [4548] Ephemeral server survived."}}
[warn] !  functions: Error: 5 NOT_FOUND: no entity to update: app: "dev~al-distor-org"
path <
  Element {
    type: "signaturesCount"
    name: "count"
  }
>

    at Object.callErrorFromStatus (C:\Users\Funoon\Desktop\Projects\distor-admin-dashboard\functions\node_modules\@grpc\grpc-js\build\src\call.js:31:26)
    at Object.onReceiveStatus (C:\Users\Funoon\Desktop\Projects\distor-admin-dashboard\functions\node_modules\@grpc\grpc-js\build\src\client.js:189:52)
    at Object.onReceiveStatus (C:\Users\Funoon\Desktop\Projects\distor-admin-dashboard\functions\node_modules\@grpc\grpc-js\build\src\client-interceptors.js:365:141)
    at Object.onReceiveStatus (C:\Users\Funoon\Desktop\Projects\distor-admin-dashboard\functions\node_modules\@grpc\grpc-js\build\src\client-interceptors.js:328:181)
    at C:\Users\Funoon\Desktop\Projects\distor-admin-dashboard\functions\node_modules\@grpc\grpc-js\build\src\call-stream.js:187:78
    at processTicksAndRejections (node:internal/process/task_queues:78:11)
Caused by: Error
    at WriteBatch.commit (C:\Users\Funoon\Desktop\Projects\distor-admin-dashboard\functions\node_modules\@google-cloud\firestore\build\src\write-batch.js:417:23)
    at DocumentReference.update (C:\Users\Funoon\Desktop\Projects\distor-admin-dashboard\functions\node_modules\@google-cloud\firestore\build\src\reference.js:393:14)
    at C:\Users\Funoon\Desktop\Projects\distor-admin-dashboard\functions\lib\index.js:118:70
    at cloudFunction (C:\Users\Funoon\Desktop\Projects\distor-admin-dashboard\functions\node_modules\firebase-functions\lib\cloud-functions.js:135:23)
    at C:\Users\Funoon\AppData\Roaming\npm\node_modules\firebase-tools\lib\emulator\functionsEmulatorRuntime.js:577:16
    at runFunction (C:\Users\Funoon\AppData\Roaming\npm\node_modules\firebase-tools\lib\emulator\functionsEmulatorRuntime.js:564:15)
    at runBackground (C:\Users\Funoon\AppData\Roaming\npm\node_modules\firebase-tools\lib\emulator\functionsEmulatorRuntime.js:576:11)
    at processBackground (C:\Users\Funoon\AppData\Roaming\npm\node_modules\firebase-tools\lib\emulator\functionsEmulatorRuntime.js:559:11)
    at invokeTrigger (C:\Users\Funoon\AppData\Roaming\npm\node_modules\firebase-tools\lib\emulator\functionsEmulatorRuntime.js:640:19)
    at handleMessage (C:\Users\Funoon\AppData\Roaming\npm\node_modules\firebase-tools\lib\emulator\functionsEmulatorRuntime.js:742:15) {"metadata":{"emulator":{"name":"functions"},"function":{"name":"europe-west1-incrementSignatures"},"extension":{},"message":"Error: 5 NOT_FOUND: no entity to update: app: \"dev~al-distor-org\"\npath <\n  Element {\n    type: \"signaturesCount\"\n    name: \"count\"\n  }\n>\n\n    at Object.callErrorFromStatus (C:\\Users\\Funoon\\Desktop\\Projects\\distor-admin-dashboard\\functions\\node_modules\\@grpc\\grpc-js\\build\\src\\call.js:31:26)\n    at Object.onReceiveStatus (C:\\Users\\Funoon\\Desktop\\Projects\\distor-admin-dashboard\\functions\\node_modules\\@grpc\\grpc-js\\build\\src\\client.js:189:52)\n    at Object.onReceiveStatus (C:\\Users\\Funoon\\Desktop\\Projects\\distor-admin-dashboard\\functions\\node_modules\\@grpc\\grpc-js\\build\\src\\client-interceptors.js:365:141)\n    at Object.onReceiveStatus (C:\\Users\\Funoon\\Desktop\\Projects\\distor-admin-dashboard\\functions\\node_modules\\@grpc\\grpc-js\\build\\src\\client-interceptors.js:328:181)\n    at C:\\Users\\Funoon\\Desktop\\Projects\\distor-admin-dashboard\\functions\\node_modules\\@grpc\\grpc-js\\build\\src\\call-stream.js:187:78\n    at processTicksAndRejections (node:internal/process/task_queues:78:11)\nCaused by: Error\n    at WriteBatch.commit (C:\\Users\\Funoon\\Desktop\\Projects\\distor-admin-dashboard\\functions\\node_modules\\@google-cloud\\firestore\\build\\src\\write-batch.js:417:23)\n    at DocumentReference.update (C:\\Users\\Funoon\\Desktop\\Projects\\distor-admin-dashboard\\functions\\node_modules\\@google-cloud\\firestore\\build\\src\\reference.js:393:14)\n    at C:\\Users\\Funoon\\Desktop\\Projects\\distor-admin-dashboard\\functions\\lib\\index.js:118:70\n    at cloudFunction (C:\\Users\\Funoon\\Desktop\\Projects\\distor-admin-dashboard\\functions\\node_modules\\firebase-functions\\lib\\cloud-functions.js:135:23)\n    at C:\\Users\\Funoon\\AppData\\Roaming\\npm\\node_modules\\firebase-tools\\lib\\emulator\\functionsEmulatorRuntime.js:577:16\n    at runFunction (C:\\Users\\Funoon\\AppData\\Roaming\\npm\\node_modules\\firebase-tools\\lib\\emulator\\functionsEmulatorRuntime.js:564:15)\n    at runBackground (C:\\Users\\Funoon\\AppData\\Roaming\\npm\\node_modules\\firebase-tools\\lib\\emulator\\functionsEmulatorRuntime.js:576:11)\n    at processBackground (C:\\Users\\Funoon\\AppData\\Roaming\\npm\\node_modules\\firebase-tools\\lib\\emulator\\functionsEmulatorRuntime.js:559:11)\n    at invokeTrigger (C:\\Users\\Funoon\\AppData\\Roaming\\npm\\node_modules\\firebase-tools\\lib\\emulator\\functionsEmulatorRuntime.js:640:19)\n    at handleMessage (C:\\Users\\Funoon\\AppData\\Roaming\\npm\\node_modules\\firebase-tools\\lib\\emulator\\functionsEmulatorRuntime.js:742:15)"}}
[warn] !  Your function was killed because it raised an unhandled error. {"metadata":{"emulator":{"name":"functions"},"function":{"name":"europe-west1-incrementSignatures"},"extension":{},"message":"Your function was killed because it raised an unhandled error."}}
[debug] [2022-06-07T12:13:25.129Z] [work-queue] {"queueLength":0,"workRunningCount":0}
[debug] [2022-06-07T12:13:25.161Z] [worker-europe-west1-incrementSignatures-9aa2c1bb-955f-404b-a869-87e870584b3f]: exited {"metadata":{"emulator":{"name":"functions"},"message":"[worker-europe-west1-incrementSignatures-9aa2c1bb-955f-404b-a869-87e870584b3f]: exited"}}
[debug] [2022-06-07T12:13:25.161Z] [worker-europe-west1-incrementSignatures-9aa2c1bb-955f-404b-a869-87e870584b3f]: FINISHED {"metadata":{"emulator":{"name":"functions"},"message":"[worker-europe-west1-incrementSignatures-9aa2c1bb-955f-404b-a869-87e870584b3f]: FINISHED"}}
[debug] [2022-06-07T12:13:28.146Z] >>> [apiv2][query] GET https://firebase.googleapis.com/v1beta1/projects/al-distor-org/adminSdkConfig [none]
[debug] [2022-06-07T12:13:28.467Z] <<< [apiv2][status] GET https://firebase.googleapis.com/v1beta1/projects/al-distor-org/adminSdkConfig 200
[debug] [2022-06-07T12:13:28.467Z] <<< [apiv2][body] GET https://firebase.googleapis.com/v1beta1/projects/al-distor-org/adminSdkConfig {"projectId":"al-distor-org","storageBucket":"al-distor-org.appspot.com","locationId":"europe-west"}
[debug] [2022-06-07T12:15:50.887Z] [work-queue] {"queueLength":1,"workRunningCount":0}
[debug] [2022-06-07T12:15:50.888Z] [work-queue] {"queueLength":0,"workRunningCount":1}
[debug] [2022-06-07T12:15:50.888Z] Accepted request POST /functions/projects/al-distor-org/triggers/europe-west1-incrementSignatures-0 --> europe-west1-incrementSignatures-0 {"metadata":{"emulator":{"name":"functions"},"message":"Accepted request POST /functions/projects/al-distor-org/triggers/europe-west1-incrementSignatures-0 --> europe-west1-incrementSignatures-0"}}
[debug] [2022-06-07T12:15:50.888Z] [worker-pool] Cleaned up workers for europe-west1-incrementSignatures: 1 --> 0 {"metadata":{"emulator":{"name":"functions"},"message":"[worker-pool] Cleaned up workers for europe-west1-incrementSignatures: 1 --> 0"}}
[debug] [2022-06-07T12:15:50.902Z] [worker-pool] addWorker(europe-west1-incrementSignatures) {"metadata":{"emulator":{"name":"functions"},"message":"[worker-pool] addWorker(europe-west1-incrementSignatures)"}}
[debug] [2022-06-07T12:15:50.902Z] [worker-pool] Adding worker with key europe-west1-incrementSignatures, total=1 {"metadata":{"emulator":{"name":"functions"},"message":"[worker-pool] Adding worker with key europe-west1-incrementSignatures, total=1"}}
[debug] [2022-06-07T12:15:50.902Z] [worker-pool] submitWork(triggerId=europe-west1-incrementSignatures) {"metadata":{"emulator":{"name":"functions"},"message":"[worker-pool] submitWork(triggerId=europe-west1-incrementSignatures)"}}
[debug] [2022-06-07T12:15:50.902Z] [worker-europe-west1-incrementSignatures-e9968c2a-195b-41cd-b9b3-907bb02b4051]: Assigning socketPath: \\?\pipe\C:\Users\Funoon\Desktop\Projects\distor-admin-dashboard\functions\13804 {"metadata":{"emulator":{"name":"functions"},"message":"[worker-europe-west1-incrementSignatures-e9968c2a-195b-41cd-b9b3-907bb02b4051]: Assigning socketPath: \\\\?\\pipe\\C:\\Users\\Funoon\\Desktop\\Projects\\distor-admin-dashboard\\functions\\13804"}}
[debug] [2022-06-07T12:15:50.902Z] [worker-europe-west1-incrementSignatures-e9968c2a-195b-41cd-b9b3-907bb02b4051]: BUSY {"metadata":{"emulator":{"name":"functions"},"message":"[worker-europe-west1-incrementSignatures-e9968c2a-195b-41cd-b9b3-907bb02b4051]: BUSY"}}
[debug] [2022-06-07T12:15:53.359Z] [runtime-status] [13804] Functions runtime initialized. {"cwd":"C:\\Users\\Funoon\\Desktop\\Projects\\distor-admin-dashboard\\functions","node_version":"16.15.0"} {"metadata":{"emulator":{"name":"functions"},"function":{"name":"europe-west1-incrementSignatures"},"extension":{},"message":"[runtime-status] [13804] Functions runtime initialized. {\"cwd\":\"C:\\\\Users\\\\Funoon\\\\Desktop\\\\Projects\\\\distor-admin-dashboard\\\\functions\",\"node_version\":\"16.15.0\"}"}}
[debug] [2022-06-07T12:15:53.361Z] [runtime-status] [13804] Disabled runtime features: undefined {"metadata":{"emulator":{"name":"functions"},"function":{"name":"europe-west1-incrementSignatures"},"extension":{},"message":"[runtime-status] [13804] Disabled runtime features: undefined"}}
[debug] [2022-06-07T12:15:53.366Z] [runtime-status] [13804] Resolved module firebase-admin {"declared":true,"installed":true,"version":"10.2.0","resolution":"C:\\Users\\Funoon\\Desktop\\Projects\\distor-admin-dashboard\\functions\\node_modules\\firebase-admin\\lib\\index.js"} {"metadata":{"emulator":{"name":"functions"},"function":{"name":"europe-west1-incrementSignatures"},"extension":{},"message":"[runtime-status] [13804] Resolved module firebase-admin {\"declared\":true,\"installed\":true,\"version\":\"10.2.0\",\"resolution\":\"C:\\\\Users\\\\Funoon\\\\Desktop\\\\Projects\\\\distor-admin-dashboard\\\\functions\\\\node_modules\\\\firebase-admin\\\\lib\\\\index.js\"}"}}
[debug] [2022-06-07T12:15:53.370Z] [runtime-status] [13804] Resolved module firebase-functions {"declared":true,"installed":true,"version":"3.21.2","resolution":"C:\\Users\\Funoon\\Desktop\\Projects\\distor-admin-dashboard\\functions\\node_modules\\firebase-functions\\lib\\index.js"} {"metadata":{"emulator":{"name":"functions"},"function":{"name":"europe-west1-incrementSignatures"},"extension":{},"message":"[runtime-status] [13804] Resolved module firebase-functions {\"declared\":true,\"installed\":true,\"version\":\"3.21.2\",\"resolution\":\"C:\\\\Users\\\\Funoon\\\\Desktop\\\\Projects\\\\distor-admin-dashboard\\\\functions\\\\node_modules\\\\firebase-functions\\\\lib\\\\index.js\"}"}}
[debug] [2022-06-07T12:15:53.370Z] [runtime-status] [13804] Outgoing network have been stubbed. [{"name":"http","status":"mocked"},{"name":"http","status":"mocked"},{"name":"https","status":"mocked"},{"name":"https","status":"mocked"},{"name":"net","status":"mocked"}] {"metadata":{"emulator":{"name":"functions"},"function":{"name":"europe-west1-incrementSignatures"},"extension":{},"message":"[runtime-status] [13804] Outgoing network have been stubbed. [{\"name\":\"http\",\"status\":\"mocked\"},{\"name\":\"http\",\"status\":\"mocked\"},{\"name\":\"https\",\"status\":\"mocked\"},{\"name\":\"https\",\"status\":\"mocked\"},{\"name\":\"net\",\"status\":\"mocked\"}]"}}
[debug] [2022-06-07T12:15:53.372Z] [runtime-status] [13804] Resolved module firebase-functions {"declared":true,"installed":true,"version":"3.21.2","resolution":"C:\\Users\\Funoon\\Desktop\\Projects\\distor-admin-dashboard\\functions\\node_modules\\firebase-functions\\lib\\index.js"} {"metadata":{"emulator":{"name":"functions"},"function":{"name":"europe-west1-incrementSignatures"},"extension":{},"message":"[runtime-status] [13804] Resolved module firebase-functions {\"declared\":true,\"installed\":true,\"version\":\"3.21.2\",\"resolution\":\"C:\\\\Users\\\\Funoon\\\\Desktop\\\\Projects\\\\distor-admin-dashboard\\\\functions\\\\node_modules\\\\firebase-functions\\\\lib\\\\index.js\"}"}}
[debug] [2022-06-07T12:15:53.471Z] [runtime-status] [13804] Checked functions.config() {"config":{}} {"metadata":{"emulator":{"name":"functions"},"function":{"name":"europe-west1-incrementSignatures"},"extension":{},"message":"[runtime-status] [13804] Checked functions.config() {\"config\":{}}"}}
[debug] [2022-06-07T12:15:53.471Z] [runtime-status] [13804] firebase-functions has been stubbed. {"functionsResolution":{"declared":true,"installed":true,"version":"3.21.2","resolution":"C:\\Users\\Funoon\\Desktop\\Projects\\distor-admin-dashboard\\functions\\node_modules\\firebase-functions\\lib\\index.js"}} {"metadata":{"emulator":{"name":"functions"},"function":{"name":"europe-west1-incrementSignatures"},"extension":{},"message":"[runtime-status] [13804] firebase-functions has been stubbed. {\"functionsResolution\":{\"declared\":true,\"installed\":true,\"version\":\"3.21.2\",\"resolution\":\"C:\\\\Users\\\\Funoon\\\\Desktop\\\\Projects\\\\distor-admin-dashboard\\\\functions\\\\node_modules\\\\firebase-functions\\\\lib\\\\index.js\"}}"}}
[debug] [2022-06-07T12:15:53.473Z] [runtime-status] [13804] Resolved module firebase-functions {"declared":true,"installed":true,"version":"3.21.2","resolution":"C:\\Users\\Funoon\\Desktop\\Projects\\distor-admin-dashboard\\functions\\node_modules\\firebase-functions\\lib\\index.js"} {"metadata":{"emulator":{"name":"functions"},"function":{"name":"europe-west1-incrementSignatures"},"extension":{},"message":"[runtime-status] [13804] Resolved module firebase-functions {\"declared\":true,\"installed\":true,\"version\":\"3.21.2\",\"resolution\":\"C:\\\\Users\\\\Funoon\\\\Desktop\\\\Projects\\\\distor-admin-dashboard\\\\functions\\\\node_modules\\\\firebase-functions\\\\lib\\\\index.js\"}"}}
[debug] [2022-06-07T12:15:53.479Z] [runtime-status] [13804] Resolved module firebase-admin {"declared":true,"installed":true,"version":"10.2.0","resolution":"C:\\Users\\Funoon\\Desktop\\Projects\\distor-admin-dashboard\\functions\\node_modules\\firebase-admin\\lib\\index.js"} {"metadata":{"emulator":{"name":"functions"},"function":{"name":"europe-west1-incrementSignatures"},"extension":{},"message":"[runtime-status] [13804] Resolved module firebase-admin {\"declared\":true,\"installed\":true,\"version\":\"10.2.0\",\"resolution\":\"C:\\\\Users\\\\Funoon\\\\Desktop\\\\Projects\\\\distor-admin-dashboard\\\\functions\\\\node_modules\\\\firebase-admin\\\\lib\\\\index.js\"}"}}
[debug] [2022-06-07T12:15:53.480Z] [runtime-status] [13804] Resolved module firebase-functions {"declared":true,"installed":true,"version":"3.21.2","resolution":"C:\\Users\\Funoon\\Desktop\\Projects\\distor-admin-dashboard\\functions\\node_modules\\firebase-functions\\lib\\index.js"} {"metadata":{"emulator":{"name":"functions"},"function":{"name":"europe-west1-incrementSignatures"},"extension":{},"message":"[runtime-status] [13804] Resolved module firebase-functions {\"declared\":true,\"installed\":true,\"version\":\"3.21.2\",\"resolution\":\"C:\\\\Users\\\\Funoon\\\\Desktop\\\\Projects\\\\distor-admin-dashboard\\\\functions\\\\node_modules\\\\firebase-functions\\\\lib\\\\index.js\"}"}}
[debug] [2022-06-07T12:15:53.481Z] [runtime-status] [13804] firebase-admin has been stubbed. {"adminResolution":{"declared":true,"installed":true,"version":"10.2.0","resolution":"C:\\Users\\Funoon\\Desktop\\Projects\\distor-admin-dashboard\\functions\\node_modules\\firebase-admin\\lib\\index.js"}} {"metadata":{"emulator":{"name":"functions"},"function":{"name":"europe-west1-incrementSignatures"},"extension":{},"message":"[runtime-status] [13804] firebase-admin has been stubbed. {\"adminResolution\":{\"declared\":true,\"installed\":true,\"version\":\"10.2.0\",\"resolution\":\"C:\\\\Users\\\\Funoon\\\\Desktop\\\\Projects\\\\distor-admin-dashboard\\\\functions\\\\node_modules\\\\firebase-admin\\\\lib\\\\index.js\"}}"}}
[debug] [2022-06-07T12:15:53.486Z] [runtime-status] [13804] initializeApp(DEFAULT) {"storageBucket":"al-distor-org.appspot.com","databaseURL":"http://localhost:9000/?ns=al-distor-org","projectId":"al-distor-org"} {"metadata":{"emulator":{"name":"functions"},"function":{"name":"europe-west1-incrementSignatures"},"extension":{},"message":"[runtime-status] [13804] initializeApp(DEFAULT) {\"storageBucket\":\"al-distor-org.appspot.com\",\"databaseURL\":\"http://localhost:9000/?ns=al-distor-org\",\"projectId\":\"al-distor-org\"}"}}
[debug] [2022-06-07T12:15:53.488Z] [runtime-status] [13804] Beginning invocation function incrementSignatures! {"metadata":{"emulator":{"name":"functions"},"function":{"name":"europe-west1-incrementSignatures"},"extension":{},"message":"[runtime-status] [13804] Beginning invocation function incrementSignatures!"}}
[info] i  functions: Beginning execution of "incrementSignatures" {"metadata":{"emulator":{"name":"functions"},"function":{"name":"europe-west1-incrementSignatures"},"extension":{},"message":"Beginning execution of \"incrementSignatures\""}}
[debug] [2022-06-07T12:15:53.489Z] [runtime-status] [13804] Running incrementSignatures in signature event {"metadata":{"emulator":{"name":"functions"},"function":{"name":"europe-west1-incrementSignatures"},"extension":{},"message":"[runtime-status] [13804] Running incrementSignatures in signature event"}}
[debug] [2022-06-07T12:15:53.490Z] [runtime-status] [13804] ProcessBackground {"data":{"value":{"name":"projects/al-distor-org/databases/(default)/documents/signatures/HqOMRJNeZM3Klx1mOhJA","fields":{"phone":{"stringValue":"sadasd"},"name":{"stringValue":"sadasd"},"email":{"stringValue":"sadasd"},"date":{"timestampValue":"2022-06-07T12:15:50.859Z"}},"createTime":"2022-06-07T12:15:50.870258Z","updateTime":"2022-06-07T12:15:50.870258Z"},"updateMask":{}},"context":{"eventId":"e16cbde0-bd80-4584-8683-f5537a506275","timestamp":"2022-06-07T12:15:50.870Z","eventType":"providers/cloud.firestore/eventTypes/document.create","resource":{"name":"projects/al-distor-org/databases/(default)/documents/signatures/HqOMRJNeZM3Klx1mOhJA","service":"firestore.googleapis.com"}}} {"metadata":{"emulator":{"name":"functions"},"function":{"name":"europe-west1-incrementSignatures"},"extension":{},"message":"[runtime-status] [13804] ProcessBackground {\"data\":{\"value\":{\"name\":\"projects/al-distor-org/databases/(default)/documents/signatures/HqOMRJNeZM3Klx1mOhJA\",\"fields\":{\"phone\":{\"stringValue\":\"sadasd\"},\"name\":{\"stringValue\":\"sadasd\"},\"email\":{\"stringValue\":\"sadasd\"},\"date\":{\"timestampValue\":\"2022-06-07T12:15:50.859Z\"}},\"createTime\":\"2022-06-07T12:15:50.870258Z\",\"updateTime\":\"2022-06-07T12:15:50.870258Z\"},\"updateMask\":{}},\"context\":{\"eventId\":\"e16cbde0-bd80-4584-8683-f5537a506275\",\"timestamp\":\"2022-06-07T12:15:50.870Z\",\"eventType\":\"providers/cloud.firestore/eventTypes/document.create\",\"resource\":{\"name\":\"projects/al-distor-org/databases/(default)/documents/signatures/HqOMRJNeZM3Klx1mOhJA\",\"service\":\"firestore.googleapis.com\"}}}"}}
[debug] [2022-06-07T12:15:53.490Z] [runtime-status] [13804] ProcessBackground: lifting resource.name from resource {"name":"projects/al-distor-org/databases/(default)/documents/signatures/HqOMRJNeZM3Klx1mOhJA","service":"firestore.googleapis.com"} {"metadata":{"emulator":{"name":"functions"},"function":{"name":"europe-west1-incrementSignatures"},"extension":{},"message":"[runtime-status] [13804] ProcessBackground: lifting resource.name from resource {\"name\":\"projects/al-distor-org/databases/(default)/documents/signatures/HqOMRJNeZM3Klx1mOhJA\",\"service\":\"firestore.googleapis.com\"}"}}
[debug] [2022-06-07T12:15:53.490Z] [runtime-status] [13804] RunBackground {"data":{"value":{"name":"projects/al-distor-org/databases/(default)/documents/signatures/HqOMRJNeZM3Klx1mOhJA","fields":{"phone":{"stringValue":"sadasd"},"name":{"stringValue":"sadasd"},"email":{"stringValue":"sadasd"},"date":{"timestampValue":"2022-06-07T12:15:50.859Z"}},"createTime":"2022-06-07T12:15:50.870258Z","updateTime":"2022-06-07T12:15:50.870258Z"},"updateMask":{}},"context":{"eventId":"e16cbde0-bd80-4584-8683-f5537a506275","timestamp":"2022-06-07T12:15:50.870Z","eventType":"providers/cloud.firestore/eventTypes/document.create","resource":"projects/al-distor-org/databases/(default)/documents/signatures/HqOMRJNeZM3Klx1mOhJA"}} {"metadata":{"emulator":{"name":"functions"},"function":{"name":"europe-west1-incrementSignatures"},"extension":{},"message":"[runtime-status] [13804] RunBackground {\"data\":{\"value\":{\"name\":\"projects/al-distor-org/databases/(default)/documents/signatures/HqOMRJNeZM3Klx1mOhJA\",\"fields\":{\"phone\":{\"stringValue\":\"sadasd\"},\"name\":{\"stringValue\":\"sadasd\"},\"email\":{\"stringValue\":\"sadasd\"},\"date\":{\"timestampValue\":\"2022-06-07T12:15:50.859Z\"}},\"createTime\":\"2022-06-07T12:15:50.870258Z\",\"updateTime\":\"2022-06-07T12:15:50.870258Z\"},\"updateMask\":{}},\"context\":{\"eventId\":\"e16cbde0-bd80-4584-8683-f5537a506275\",\"timestamp\":\"2022-06-07T12:15:50.870Z\",\"eventType\":\"providers/cloud.firestore/eventTypes/document.create\",\"resource\":\"projects/al-distor-org/databases/(default)/documents/signatures/HqOMRJNeZM3Klx1mOhJA\"}}"}}
[debug] [2022-06-07T12:15:54.394Z] [runtime-status] [13804] Ephemeral server survived. {"metadata":{"emulator":{"name":"functions"},"function":{"name":"europe-west1-incrementSignatures"},"extension":{},"message":"[runtime-status] [13804] Ephemeral server survived."}}
[info] i  functions: Finished "incrementSignatures" in ~1s {"metadata":{"emulator":{"name":"functions"},"function":{"name":"europe-west1-incrementSignatures"},"extension":{},"message":"Finished \"incrementSignatures\" in ~1s"}}
[debug] [2022-06-07T12:15:54.396Z] [worker-europe-west1-incrementSignatures-e9968c2a-195b-41cd-b9b3-907bb02b4051]: IDLE {"metadata":{"emulator":{"name":"functions"},"message":"[worker-europe-west1-incrementSignatures-e9968c2a-195b-41cd-b9b3-907bb02b4051]: IDLE"}}
[debug] [2022-06-07T12:15:54.396Z] [work-queue] {"queueLength":0,"workRunningCount":0}
[debug] [2022-06-07T12:16:10.555Z] [work-queue] {"queueLength":1,"workRunningCount":0}
[debug] [2022-06-07T12:16:10.557Z] [work-queue] {"queueLength":0,"workRunningCount":1}
[debug] [2022-06-07T12:16:10.557Z] Accepted request POST /functions/projects/al-distor-org/triggers/europe-west1-incrementSignatures-0 --> europe-west1-incrementSignatures-0 {"metadata":{"emulator":{"name":"functions"},"message":"Accepted request POST /functions/projects/al-distor-org/triggers/europe-west1-incrementSignatures-0 --> europe-west1-incrementSignatures-0"}}
[debug] [2022-06-07T12:16:10.557Z] [worker-pool] submitWork(triggerId=europe-west1-incrementSignatures) {"metadata":{"emulator":{"name":"functions"},"message":"[worker-pool] submitWork(triggerId=europe-west1-incrementSignatures)"}}
[debug] [2022-06-07T12:16:10.557Z] [worker-europe-west1-incrementSignatures-e9968c2a-195b-41cd-b9b3-907bb02b4051]: Assigning socketPath: \\?\pipe\C:\Users\Funoon\Desktop\Projects\distor-admin-dashboard\functions\13804 {"metadata":{"emulator":{"name":"functions"},"message":"[worker-europe-west1-incrementSignatures-e9968c2a-195b-41cd-b9b3-907bb02b4051]: Assigning socketPath: \\\\?\\pipe\\C:\\Users\\Funoon\\Desktop\\Projects\\distor-admin-dashboard\\functions\\13804"}}
[debug] [2022-06-07T12:16:10.557Z] [worker-europe-west1-incrementSignatures-e9968c2a-195b-41cd-b9b3-907bb02b4051]: BUSY {"metadata":{"emulator":{"name":"functions"},"message":"[worker-europe-west1-incrementSignatures-e9968c2a-195b-41cd-b9b3-907bb02b4051]: BUSY"}}
[debug] [2022-06-07T12:16:10.561Z] [runtime-status] [13804] Beginning invocation function incrementSignatures! {"metadata":{"emulator":{"name":"functions"},"function":{"name":"europe-west1-incrementSignatures"},"extension":{},"message":"[runtime-status] [13804] Beginning invocation function incrementSignatures!"}}
[info] i  functions: Beginning execution of "incrementSignatures" {"metadata":{"emulator":{"name":"functions"},"function":{"name":"europe-west1-incrementSignatures"},"extension":{},"message":"Beginning execution of \"incrementSignatures\""}}
[debug] [2022-06-07T12:16:10.562Z] [runtime-status] [13804] Running incrementSignatures in signature event {"metadata":{"emulator":{"name":"functions"},"function":{"name":"europe-west1-incrementSignatures"},"extension":{},"message":"[runtime-status] [13804] Running incrementSignatures in signature event"}}
[debug] [2022-06-07T12:16:10.562Z] [runtime-status] [13804] ProcessBackground {"data":{"value":{"name":"projects/al-distor-org/databases/(default)/documents/signatures/8W6d3PlI2N0Czo3qFIxd","fields":{"phone":{"stringValue":"saddawdasd"},"name":{"stringValue":"saddawdasd"},"email":{"stringValue":"saddawdasd"},"date":{"timestampValue":"2022-06-07T12:16:10.524Z"}},"createTime":"2022-06-07T12:16:10.528727Z","updateTime":"2022-06-07T12:16:10.528727Z"},"updateMask":{}},"context":{"eventId":"37add657-2b8b-40ce-8aa3-af32cad710d5","timestamp":"2022-06-07T12:16:10.528Z","eventType":"providers/cloud.firestore/eventTypes/document.create","resource":{"name":"projects/al-distor-org/databases/(default)/documents/signatures/8W6d3PlI2N0Czo3qFIxd","service":"firestore.googleapis.com"}}} {"metadata":{"emulator":{"name":"functions"},"function":{"name":"europe-west1-incrementSignatures"},"extension":{},"message":"[runtime-status] [13804] ProcessBackground {\"data\":{\"value\":{\"name\":\"projects/al-distor-org/databases/(default)/documents/signatures/8W6d3PlI2N0Czo3qFIxd\",\"fields\":{\"phone\":{\"stringValue\":\"saddawdasd\"},\"name\":{\"stringValue\":\"saddawdasd\"},\"email\":{\"stringValue\":\"saddawdasd\"},\"date\":{\"timestampValue\":\"2022-06-07T12:16:10.524Z\"}},\"createTime\":\"2022-06-07T12:16:10.528727Z\",\"updateTime\":\"2022-06-07T12:16:10.528727Z\"},\"updateMask\":{}},\"context\":{\"eventId\":\"37add657-2b8b-40ce-8aa3-af32cad710d5\",\"timestamp\":\"2022-06-07T12:16:10.528Z\",\"eventType\":\"providers/cloud.firestore/eventTypes/document.create\",\"resource\":{\"name\":\"projects/al-distor-org/databases/(default)/documents/signatures/8W6d3PlI2N0Czo3qFIxd\",\"service\":\"firestore.googleapis.com\"}}}"}}
[debug] [2022-06-07T12:16:10.562Z] [runtime-status] [13804] ProcessBackground: lifting resource.name from resource {"name":"projects/al-distor-org/databases/(default)/documents/signatures/8W6d3PlI2N0Czo3qFIxd","service":"firestore.googleapis.com"} {"metadata":{"emulator":{"name":"functions"},"function":{"name":"europe-west1-incrementSignatures"},"extension":{},"message":"[runtime-status] [13804] ProcessBackground: lifting resource.name from resource {\"name\":\"projects/al-distor-org/databases/(default)/documents/signatures/8W6d3PlI2N0Czo3qFIxd\",\"service\":\"firestore.googleapis.com\"}"}}
[debug] [2022-06-07T12:16:10.563Z] [runtime-status] [13804] RunBackground {"data":{"value":{"name":"projects/al-distor-org/databases/(default)/documents/signatures/8W6d3PlI2N0Czo3qFIxd","fields":{"phone":{"stringValue":"saddawdasd"},"name":{"stringValue":"saddawdasd"},"email":{"stringValue":"saddawdasd"},"date":{"timestampValue":"2022-06-07T12:16:10.524Z"}},"createTime":"2022-06-07T12:16:10.528727Z","updateTime":"2022-06-07T12:16:10.528727Z"},"updateMask":{}},"context":{"eventId":"37add657-2b8b-40ce-8aa3-af32cad710d5","timestamp":"2022-06-07T12:16:10.528Z","eventType":"providers/cloud.firestore/eventTypes/document.create","resource":"projects/al-distor-org/databases/(default)/documents/signatures/8W6d3PlI2N0Czo3qFIxd"}} {"metadata":{"emulator":{"name":"functions"},"function":{"name":"europe-west1-incrementSignatures"},"extension":{},"message":"[runtime-status] [13804] RunBackground {\"data\":{\"value\":{\"name\":\"projects/al-distor-org/databases/(default)/documents/signatures/8W6d3PlI2N0Czo3qFIxd\",\"fields\":{\"phone\":{\"stringValue\":\"saddawdasd\"},\"name\":{\"stringValue\":\"saddawdasd\"},\"email\":{\"stringValue\":\"saddawdasd\"},\"date\":{\"timestampValue\":\"2022-06-07T12:16:10.524Z\"}},\"createTime\":\"2022-06-07T12:16:10.528727Z\",\"updateTime\":\"2022-06-07T12:16:10.528727Z\"},\"updateMask\":{}},\"context\":{\"eventId\":\"37add657-2b8b-40ce-8aa3-af32cad710d5\",\"timestamp\":\"2022-06-07T12:16:10.528Z\",\"eventType\":\"providers/cloud.firestore/eventTypes/document.create\",\"resource\":\"projects/al-distor-org/databases/(default)/documents/signatures/8W6d3PlI2N0Czo3qFIxd\"}}"}}
[debug] [2022-06-07T12:16:10.580Z] [runtime-status] [13804] Ephemeral server survived. {"metadata":{"emulator":{"name":"functions"},"function":{"name":"europe-west1-incrementSignatures"},"extension":{},"message":"[runtime-status] [13804] Ephemeral server survived."}}
[info] i  functions: Finished "incrementSignatures" in ~1s {"metadata":{"emulator":{"name":"functions"},"function":{"name":"europe-west1-incrementSignatures"},"extension":{},"message":"Finished \"incrementSignatures\" in ~1s"}}
[debug] [2022-06-07T12:16:10.581Z] [worker-europe-west1-incrementSignatures-e9968c2a-195b-41cd-b9b3-907bb02b4051]: IDLE {"metadata":{"emulator":{"name":"functions"},"message":"[worker-europe-west1-incrementSignatures-e9968c2a-195b-41cd-b9b3-907bb02b4051]: IDLE"}}
[debug] [2022-06-07T12:16:10.582Z] [work-queue] {"queueLength":0,"workRunningCount":0}
[debug] [2022-06-07T12:16:14.338Z] File C:\Users\Funoon\Desktop\Projects\distor-admin-dashboard\functions\src\index.ts changed, reloading triggers {"metadata":{"emulator":{"name":"functions"},"message":"File C:\\Users\\Funoon\\Desktop\\Projects\\distor-admin-dashboard\\functions\\src\\index.ts changed, reloading triggers"}}
[debug] [2022-06-07T12:16:15.343Z] [worker-pool] Shutting down IDLE worker (europe-west1-incrementSignatures) {"metadata":{"emulator":{"name":"functions"},"message":"[worker-pool] Shutting down IDLE worker (europe-west1-incrementSignatures)"}}
[debug] [2022-06-07T12:16:15.345Z] [worker-europe-west1-incrementSignatures-e9968c2a-195b-41cd-b9b3-907bb02b4051]: FINISHING {"metadata":{"emulator":{"name":"functions"},"message":"[worker-europe-west1-incrementSignatures-e9968c2a-195b-41cd-b9b3-907bb02b4051]: FINISHING"}}
[debug] [2022-06-07T12:16:15.354Z] Validating nodejs source
[debug] [2022-06-07T12:16:20.108Z] > [functions] package.json contents: {
  "name": "functions",
  "scripts": {
    "build": "tsc",
    "serve": "npm run build && firebase emulators:start --import=exported-dev-data --export-on-exit=exported-dev-data",
    "shell": "npm run build && firebase functions:shell",
    "start": "npm run shell",
    "deploy": "firebase deploy --only functions",
    "logs": "firebase functions:log"
  },
  "engines": {
    "node": "16"
  },
  "main": "lib/index.js",
  "dependencies": {
    "firebase-admin": "^10.0.2",
    "firebase-functions": "^3.18.0"
  },
  "devDependencies": {
    "typescript": "^4.5.4",
    "firebase-functions-test": "^0.2.0"
  },
  "private": true
}
[debug] [2022-06-07T12:16:20.108Z] Building nodejs source
[debug] [2022-06-07T12:16:20.108Z] Analyzing nodejs backend spec
[debug] [2022-06-07T12:16:20.109Z] [worker-europe-west1-incrementSignatures-e9968c2a-195b-41cd-b9b3-907bb02b4051]: exited {"metadata":{"emulator":{"name":"functions"},"message":"[worker-europe-west1-incrementSignatures-e9968c2a-195b-41cd-b9b3-907bb02b4051]: exited"}}
[debug] [2022-06-07T12:16:20.110Z] [worker-europe-west1-incrementSignatures-e9968c2a-195b-41cd-b9b3-907bb02b4051]: FINISHED {"metadata":{"emulator":{"name":"functions"},"message":"[worker-europe-west1-incrementSignatures-e9968c2a-195b-41cd-b9b3-907bb02b4051]: FINISHED"}}
[debug] [2022-06-07T12:16:20.110Z] Could not find functions.yaml. Must use http discovery
[debug] [2022-06-07T12:16:20.551Z] Serving at port 9005

[debug] [2022-06-07T12:16:20.686Z] Got response from /__/functions.yaml {"endpoints":{"adminAddUser":{"platform":"gcfv1","labels":{},"region":["europe-west1"],"callableTrigger":{},"entryPoint":"adminAddUser"},"getAllUsers":{"platform":"gcfv1","labels":{},"region":["europe-west1"],"callableTrigger":{},"entryPoint":"getAllUsers"},"changeUserStatus":{"platform":"gcfv1","labels":{},"region":["europe-west1"],"callableTrigger":{},"entryPoint":"changeUserStatus"},"deleteUser":{"platform":"gcfv1","labels":{},"region":["europe-west1"],"callableTrigger":{},"entryPoint":"deleteUser"},"incrementSignatures":{"platform":"gcfv1","region":["europe-west1"],"eventTrigger":{"eventType":"providers/cloud.firestore/eventTypes/document.create","eventFilters":{"resource":"projects/al-distor-org/databases/(default)/documents/signatures/{signatureId}"},"retry":false},"labels":{},"entryPoint":"incrementSignatures"}},"specVersion":"v1alpha1","requiredAPIs":[]}
[debug] [2022-06-07T12:16:20.693Z] shutdown requested via /__/quitquitquit

[debug] [2022-06-07T12:16:27.330Z] File C:\Users\Funoon\Desktop\Projects\distor-admin-dashboard\functions\src\index.ts changed, reloading triggers {"metadata":{"emulator":{"name":"functions"},"message":"File C:\\Users\\Funoon\\Desktop\\Projects\\distor-admin-dashboard\\functions\\src\\index.ts changed, reloading triggers"}}
[debug] [2022-06-07T12:16:28.340Z] Validating nodejs source
[debug] [2022-06-07T12:16:33.207Z] > [functions] package.json contents: {
  "name": "functions",
  "scripts": {
    "build": "tsc",
    "serve": "npm run build && firebase emulators:start --import=exported-dev-data --export-on-exit=exported-dev-data",
    "shell": "npm run build && firebase functions:shell",
    "start": "npm run shell",
    "deploy": "firebase deploy --only functions",
    "logs": "firebase functions:log"
  },
  "engines": {
    "node": "16"
  },
  "main": "lib/index.js",
  "dependencies": {
    "firebase-admin": "^10.0.2",
    "firebase-functions": "^3.18.0"
  },
  "devDependencies": {
    "typescript": "^4.5.4",
    "firebase-functions-test": "^0.2.0"
  },
  "private": true
}
[debug] [2022-06-07T12:16:33.207Z] Building nodejs source
[debug] [2022-06-07T12:16:33.207Z] Analyzing nodejs backend spec
[debug] [2022-06-07T12:16:33.208Z] Could not find functions.yaml. Must use http discovery
[debug] [2022-06-07T12:16:33.651Z] Serving at port 9005

[debug] [2022-06-07T12:16:33.786Z] Got response from /__/functions.yaml {"endpoints":{"adminAddUser":{"platform":"gcfv1","labels":{},"region":["europe-west1"],"callableTrigger":{},"entryPoint":"adminAddUser"},"getAllUsers":{"platform":"gcfv1","labels":{},"region":["europe-west1"],"callableTrigger":{},"entryPoint":"getAllUsers"},"changeUserStatus":{"platform":"gcfv1","labels":{},"region":["europe-west1"],"callableTrigger":{},"entryPoint":"changeUserStatus"},"deleteUser":{"platform":"gcfv1","labels":{},"region":["europe-west1"],"callableTrigger":{},"entryPoint":"deleteUser"},"incrementSignatures":{"platform":"gcfv1","region":["europe-west1"],"eventTrigger":{"eventType":"providers/cloud.firestore/eventTypes/document.create","eventFilters":{"resource":"projects/al-distor-org/databases/(default)/documents/signatures/{signatureId}"},"retry":false},"labels":{},"entryPoint":"incrementSignatures"}},"specVersion":"v1alpha1","requiredAPIs":[]}
[debug] [2022-06-07T12:16:33.794Z] shutdown requested via /__/quitquitquit

[debug] [2022-06-07T12:46:41.208Z] [work-queue] {"queueLength":1,"workRunningCount":0}
[debug] [2022-06-07T12:46:41.208Z] [work-queue] {"queueLength":0,"workRunningCount":1}
[debug] [2022-06-07T12:46:41.208Z] Accepted request POST /functions/projects/al-distor-org/triggers/europe-west1-incrementSignatures-0 --> europe-west1-incrementSignatures-0 {"metadata":{"emulator":{"name":"functions"},"message":"Accepted request POST /functions/projects/al-distor-org/triggers/europe-west1-incrementSignatures-0 --> europe-west1-incrementSignatures-0"}}
[debug] [2022-06-07T12:46:41.208Z] [worker-pool] Cleaned up workers for europe-west1-incrementSignatures: 1 --> 0 {"metadata":{"emulator":{"name":"functions"},"message":"[worker-pool] Cleaned up workers for europe-west1-incrementSignatures: 1 --> 0"}}
[debug] [2022-06-07T12:46:41.224Z] [worker-pool] addWorker(europe-west1-incrementSignatures) {"metadata":{"emulator":{"name":"functions"},"message":"[worker-pool] addWorker(europe-west1-incrementSignatures)"}}
[debug] [2022-06-07T12:46:41.224Z] [worker-pool] Adding worker with key europe-west1-incrementSignatures, total=1 {"metadata":{"emulator":{"name":"functions"},"message":"[worker-pool] Adding worker with key europe-west1-incrementSignatures, total=1"}}
[debug] [2022-06-07T12:46:41.224Z] [worker-pool] submitWork(triggerId=europe-west1-incrementSignatures) {"metadata":{"emulator":{"name":"functions"},"message":"[worker-pool] submitWork(triggerId=europe-west1-incrementSignatures)"}}
[debug] [2022-06-07T12:46:41.225Z] [worker-europe-west1-incrementSignatures-457a4eba-3927-43f7-83e9-76373be30e6f]: Assigning socketPath: \\?\pipe\C:\Users\Funoon\Desktop\Projects\distor-admin-dashboard\functions\13516 {"metadata":{"emulator":{"name":"functions"},"message":"[worker-europe-west1-incrementSignatures-457a4eba-3927-43f7-83e9-76373be30e6f]: Assigning socketPath: \\\\?\\pipe\\C:\\Users\\Funoon\\Desktop\\Projects\\distor-admin-dashboard\\functions\\13516"}}
[debug] [2022-06-07T12:46:41.225Z] [worker-europe-west1-incrementSignatures-457a4eba-3927-43f7-83e9-76373be30e6f]: BUSY {"metadata":{"emulator":{"name":"functions"},"message":"[worker-europe-west1-incrementSignatures-457a4eba-3927-43f7-83e9-76373be30e6f]: BUSY"}}
[debug] [2022-06-07T12:46:43.778Z] [runtime-status] [13516] Functions runtime initialized. {"cwd":"C:\\Users\\Funoon\\Desktop\\Projects\\distor-admin-dashboard\\functions","node_version":"16.15.0"} {"metadata":{"emulator":{"name":"functions"},"function":{"name":"europe-west1-incrementSignatures"},"extension":{},"message":"[runtime-status] [13516] Functions runtime initialized. {\"cwd\":\"C:\\\\Users\\\\Funoon\\\\Desktop\\\\Projects\\\\distor-admin-dashboard\\\\functions\",\"node_version\":\"16.15.0\"}"}}
[debug] [2022-06-07T12:46:43.780Z] [runtime-status] [13516] Disabled runtime features: undefined {"metadata":{"emulator":{"name":"functions"},"function":{"name":"europe-west1-incrementSignatures"},"extension":{},"message":"[runtime-status] [13516] Disabled runtime features: undefined"}}
[debug] [2022-06-07T12:46:43.786Z] [runtime-status] [13516] Resolved module firebase-admin {"declared":true,"installed":true,"version":"10.2.0","resolution":"C:\\Users\\Funoon\\Desktop\\Projects\\distor-admin-dashboard\\functions\\node_modules\\firebase-admin\\lib\\index.js"} {"metadata":{"emulator":{"name":"functions"},"function":{"name":"europe-west1-incrementSignatures"},"extension":{},"message":"[runtime-status] [13516] Resolved module firebase-admin {\"declared\":true,\"installed\":true,\"version\":\"10.2.0\",\"resolution\":\"C:\\\\Users\\\\Funoon\\\\Desktop\\\\Projects\\\\distor-admin-dashboard\\\\functions\\\\node_modules\\\\firebase-admin\\\\lib\\\\index.js\"}"}}
[debug] [2022-06-07T12:46:43.789Z] [runtime-status] [13516] Resolved module firebase-functions {"declared":true,"installed":true,"version":"3.21.2","resolution":"C:\\Users\\Funoon\\Desktop\\Projects\\distor-admin-dashboard\\functions\\node_modules\\firebase-functions\\lib\\index.js"} {"metadata":{"emulator":{"name":"functions"},"function":{"name":"europe-west1-incrementSignatures"},"extension":{},"message":"[runtime-status] [13516] Resolved module firebase-functions {\"declared\":true,\"installed\":true,\"version\":\"3.21.2\",\"resolution\":\"C:\\\\Users\\\\Funoon\\\\Desktop\\\\Projects\\\\distor-admin-dashboard\\\\functions\\\\node_modules\\\\firebase-functions\\\\lib\\\\index.js\"}"}}
[debug] [2022-06-07T12:46:43.790Z] [runtime-status] [13516] Outgoing network have been stubbed. [{"name":"http","status":"mocked"},{"name":"http","status":"mocked"},{"name":"https","status":"mocked"},{"name":"https","status":"mocked"},{"name":"net","status":"mocked"}] {"metadata":{"emulator":{"name":"functions"},"function":{"name":"europe-west1-incrementSignatures"},"extension":{},"message":"[runtime-status] [13516] Outgoing network have been stubbed. [{\"name\":\"http\",\"status\":\"mocked\"},{\"name\":\"http\",\"status\":\"mocked\"},{\"name\":\"https\",\"status\":\"mocked\"},{\"name\":\"https\",\"status\":\"mocked\"},{\"name\":\"net\",\"status\":\"mocked\"}]"}}
[debug] [2022-06-07T12:46:43.792Z] [runtime-status] [13516] Resolved module firebase-functions {"declared":true,"installed":true,"version":"3.21.2","resolution":"C:\\Users\\Funoon\\Desktop\\Projects\\distor-admin-dashboard\\functions\\node_modules\\firebase-functions\\lib\\index.js"} {"metadata":{"emulator":{"name":"functions"},"function":{"name":"europe-west1-incrementSignatures"},"extension":{},"message":"[runtime-status] [13516] Resolved module firebase-functions {\"declared\":true,\"installed\":true,\"version\":\"3.21.2\",\"resolution\":\"C:\\\\Users\\\\Funoon\\\\Desktop\\\\Projects\\\\distor-admin-dashboard\\\\functions\\\\node_modules\\\\firebase-functions\\\\lib\\\\index.js\"}"}}
[debug] [2022-06-07T12:46:43.978Z] [runtime-status] [13516] Checked functions.config() {"config":{}} {"metadata":{"emulator":{"name":"functions"},"function":{"name":"europe-west1-incrementSignatures"},"extension":{},"message":"[runtime-status] [13516] Checked functions.config() {\"config\":{}}"}}
[debug] [2022-06-07T12:46:43.978Z] [runtime-status] [13516] firebase-functions has been stubbed. {"functionsResolution":{"declared":true,"installed":true,"version":"3.21.2","resolution":"C:\\Users\\Funoon\\Desktop\\Projects\\distor-admin-dashboard\\functions\\node_modules\\firebase-functions\\lib\\index.js"}} {"metadata":{"emulator":{"name":"functions"},"function":{"name":"europe-west1-incrementSignatures"},"extension":{},"message":"[runtime-status] [13516] firebase-functions has been stubbed. {\"functionsResolution\":{\"declared\":true,\"installed\":true,\"version\":\"3.21.2\",\"resolution\":\"C:\\\\Users\\\\Funoon\\\\Desktop\\\\Projects\\\\distor-admin-dashboard\\\\functions\\\\node_modules\\\\firebase-functions\\\\lib\\\\index.js\"}}"}}
[debug] [2022-06-07T12:46:43.981Z] [runtime-status] [13516] Resolved module firebase-functions {"declared":true,"installed":true,"version":"3.21.2","resolution":"C:\\Users\\Funoon\\Desktop\\Projects\\distor-admin-dashboard\\functions\\node_modules\\firebase-functions\\lib\\index.js"} {"metadata":{"emulator":{"name":"functions"},"function":{"name":"europe-west1-incrementSignatures"},"extension":{},"message":"[runtime-status] [13516] Resolved module firebase-functions {\"declared\":true,\"installed\":true,\"version\":\"3.21.2\",\"resolution\":\"C:\\\\Users\\\\Funoon\\\\Desktop\\\\Projects\\\\distor-admin-dashboard\\\\functions\\\\node_modules\\\\firebase-functions\\\\lib\\\\index.js\"}"}}
[debug] [2022-06-07T12:46:43.986Z] [runtime-status] [13516] Resolved module firebase-admin {"declared":true,"installed":true,"version":"10.2.0","resolution":"C:\\Users\\Funoon\\Desktop\\Projects\\distor-admin-dashboard\\functions\\node_modules\\firebase-admin\\lib\\index.js"} {"metadata":{"emulator":{"name":"functions"},"function":{"name":"europe-west1-incrementSignatures"},"extension":{},"message":"[runtime-status] [13516] Resolved module firebase-admin {\"declared\":true,\"installed\":true,\"version\":\"10.2.0\",\"resolution\":\"C:\\\\Users\\\\Funoon\\\\Desktop\\\\Projects\\\\distor-admin-dashboard\\\\functions\\\\node_modules\\\\firebase-admin\\\\lib\\\\index.js\"}"}}
[debug] [2022-06-07T12:46:43.987Z] [runtime-status] [13516] Resolved module firebase-functions {"declared":true,"installed":true,"version":"3.21.2","resolution":"C:\\Users\\Funoon\\Desktop\\Projects\\distor-admin-dashboard\\functions\\node_modules\\firebase-functions\\lib\\index.js"} {"metadata":{"emulator":{"name":"functions"},"function":{"name":"europe-west1-incrementSignatures"},"extension":{},"message":"[runtime-status] [13516] Resolved module firebase-functions {\"declared\":true,\"installed\":true,\"version\":\"3.21.2\",\"resolution\":\"C:\\\\Users\\\\Funoon\\\\Desktop\\\\Projects\\\\distor-admin-dashboard\\\\functions\\\\node_modules\\\\firebase-functions\\\\lib\\\\index.js\"}"}}
[debug] [2022-06-07T12:46:43.987Z] [runtime-status] [13516] firebase-admin has been stubbed. {"adminResolution":{"declared":true,"installed":true,"version":"10.2.0","resolution":"C:\\Users\\Funoon\\Desktop\\Projects\\distor-admin-dashboard\\functions\\node_modules\\firebase-admin\\lib\\index.js"}} {"metadata":{"emulator":{"name":"functions"},"function":{"name":"europe-west1-incrementSignatures"},"extension":{},"message":"[runtime-status] [13516] firebase-admin has been stubbed. {\"adminResolution\":{\"declared\":true,\"installed\":true,\"version\":\"10.2.0\",\"resolution\":\"C:\\\\Users\\\\Funoon\\\\Desktop\\\\Projects\\\\distor-admin-dashboard\\\\functions\\\\node_modules\\\\firebase-admin\\\\lib\\\\index.js\"}}"}}
[debug] [2022-06-07T12:46:43.993Z] [runtime-status] [13516] initializeApp(DEFAULT) {"storageBucket":"al-distor-org.appspot.com","databaseURL":"http://localhost:9000/?ns=al-distor-org","projectId":"al-distor-org"} {"metadata":{"emulator":{"name":"functions"},"function":{"name":"europe-west1-incrementSignatures"},"extension":{},"message":"[runtime-status] [13516] initializeApp(DEFAULT) {\"storageBucket\":\"al-distor-org.appspot.com\",\"databaseURL\":\"http://localhost:9000/?ns=al-distor-org\",\"projectId\":\"al-distor-org\"}"}}
[debug] [2022-06-07T12:46:43.995Z] [runtime-status] [13516] Beginning invocation function incrementSignatures! {"metadata":{"emulator":{"name":"functions"},"function":{"name":"europe-west1-incrementSignatures"},"extension":{},"message":"[runtime-status] [13516] Beginning invocation function incrementSignatures!"}}
[info] i  functions: Beginning execution of "incrementSignatures" {"metadata":{"emulator":{"name":"functions"},"function":{"name":"europe-west1-incrementSignatures"},"extension":{},"message":"Beginning execution of \"incrementSignatures\""}}
[debug] [2022-06-07T12:46:43.996Z] [runtime-status] [13516] Running incrementSignatures in signature event {"metadata":{"emulator":{"name":"functions"},"function":{"name":"europe-west1-incrementSignatures"},"extension":{},"message":"[runtime-status] [13516] Running incrementSignatures in signature event"}}
[debug] [2022-06-07T12:46:43.996Z] [runtime-status] [13516] ProcessBackground {"data":{"value":{"name":"projects/al-distor-org/databases/(default)/documents/signatures/Vk1m1a3W2xPo76GehZEu","fields":{"phone":{"stringValue":"ضصث"},"name":{"stringValue":"ضصث"},"email":{"stringValue":"ضصث"},"date":{"timestampValue":"2022-06-07T12:46:41.175Z"}},"createTime":"2022-06-07T12:46:41.187279Z","updateTime":"2022-06-07T12:46:41.187279Z"},"updateMask":{}},"context":{"eventId":"0fa559f7-dd63-4295-947e-56fef3d0b7ff","timestamp":"2022-06-07T12:46:41.187Z","eventType":"providers/cloud.firestore/eventTypes/document.create","resource":{"name":"projects/al-distor-org/databases/(default)/documents/signatures/Vk1m1a3W2xPo76GehZEu","service":"firestore.googleapis.com"}}} {"metadata":{"emulator":{"name":"functions"},"function":{"name":"europe-west1-incrementSignatures"},"extension":{},"message":"[runtime-status] [13516] ProcessBackground {\"data\":{\"value\":{\"name\":\"projects/al-distor-org/databases/(default)/documents/signatures/Vk1m1a3W2xPo76GehZEu\",\"fields\":{\"phone\":{\"stringValue\":\"ضصث\"},\"name\":{\"stringValue\":\"ضصث\"},\"email\":{\"stringValue\":\"ضصث\"},\"date\":{\"timestampValue\":\"2022-06-07T12:46:41.175Z\"}},\"createTime\":\"2022-06-07T12:46:41.187279Z\",\"updateTime\":\"2022-06-07T12:46:41.187279Z\"},\"updateMask\":{}},\"context\":{\"eventId\":\"0fa559f7-dd63-4295-947e-56fef3d0b7ff\",\"timestamp\":\"2022-06-07T12:46:41.187Z\",\"eventType\":\"providers/cloud.firestore/eventTypes/document.create\",\"resource\":{\"name\":\"projects/al-distor-org/databases/(default)/documents/signatures/Vk1m1a3W2xPo76GehZEu\",\"service\":\"firestore.googleapis.com\"}}}"}}
[debug] [2022-06-07T12:46:43.997Z] [runtime-status] [13516] ProcessBackground: lifting resource.name from resource {"name":"projects/al-distor-org/databases/(default)/documents/signatures/Vk1m1a3W2xPo76GehZEu","service":"firestore.googleapis.com"} {"metadata":{"emulator":{"name":"functions"},"function":{"name":"europe-west1-incrementSignatures"},"extension":{},"message":"[runtime-status] [13516] ProcessBackground: lifting resource.name from resource {\"name\":\"projects/al-distor-org/databases/(default)/documents/signatures/Vk1m1a3W2xPo76GehZEu\",\"service\":\"firestore.googleapis.com\"}"}}
[debug] [2022-06-07T12:46:43.997Z] [runtime-status] [13516] RunBackground {"data":{"value":{"name":"projects/al-distor-org/databases/(default)/documents/signatures/Vk1m1a3W2xPo76GehZEu","fields":{"phone":{"stringValue":"ضصث"},"name":{"stringValue":"ضصث"},"email":{"stringValue":"ضصث"},"date":{"timestampValue":"2022-06-07T12:46:41.175Z"}},"createTime":"2022-06-07T12:46:41.187279Z","updateTime":"2022-06-07T12:46:41.187279Z"},"updateMask":{}},"context":{"eventId":"0fa559f7-dd63-4295-947e-56fef3d0b7ff","timestamp":"2022-06-07T12:46:41.187Z","eventType":"providers/cloud.firestore/eventTypes/document.create","resource":"projects/al-distor-org/databases/(default)/documents/signatures/Vk1m1a3W2xPo76GehZEu"}} {"metadata":{"emulator":{"name":"functions"},"function":{"name":"europe-west1-incrementSignatures"},"extension":{},"message":"[runtime-status] [13516] RunBackground {\"data\":{\"value\":{\"name\":\"projects/al-distor-org/databases/(default)/documents/signatures/Vk1m1a3W2xPo76GehZEu\",\"fields\":{\"phone\":{\"stringValue\":\"ضصث\"},\"name\":{\"stringValue\":\"ضصث\"},\"email\":{\"stringValue\":\"ضصث\"},\"date\":{\"timestampValue\":\"2022-06-07T12:46:41.175Z\"}},\"createTime\":\"2022-06-07T12:46:41.187279Z\",\"updateTime\":\"2022-06-07T12:46:41.187279Z\"},\"updateMask\":{}},\"context\":{\"eventId\":\"0fa559f7-dd63-4295-947e-56fef3d0b7ff\",\"timestamp\":\"2022-06-07T12:46:41.187Z\",\"eventType\":\"providers/cloud.firestore/eventTypes/document.create\",\"resource\":\"projects/al-distor-org/databases/(default)/documents/signatures/Vk1m1a3W2xPo76GehZEu\"}}"}}
[debug] [2022-06-07T12:46:46.049Z] [runtime-status] [13516] Ephemeral server survived. {"metadata":{"emulator":{"name":"functions"},"function":{"name":"europe-west1-incrementSignatures"},"extension":{},"message":"[runtime-status] [13516] Ephemeral server survived."}}
[info] i  functions: Finished "incrementSignatures" in ~1s {"metadata":{"emulator":{"name":"functions"},"function":{"name":"europe-west1-incrementSignatures"},"extension":{},"message":"Finished \"incrementSignatures\" in ~1s"}}
[debug] [2022-06-07T12:46:46.050Z] [worker-europe-west1-incrementSignatures-457a4eba-3927-43f7-83e9-76373be30e6f]: IDLE {"metadata":{"emulator":{"name":"functions"},"message":"[worker-europe-west1-incrementSignatures-457a4eba-3927-43f7-83e9-76373be30e6f]: IDLE"}}
[debug] [2022-06-07T12:46:46.051Z] [work-queue] {"queueLength":0,"workRunningCount":0}
[warn] !  Error: Internal state invariant broken: no user with ID: nSrgbdemflb39zXHG0WxuHZAJOrf
    at AgentProjectState.getUserByLocalIdAssertingExists (C:\Users\Funoon\AppData\Roaming\npm\node_modules\firebase-tools\lib\emulator\auth\state.js:208:19)
    at AgentProjectState.validateRefreshToken (C:\Users\Funoon\AppData\Roaming\npm\node_modules\firebase-tools\lib\emulator\auth\state.js:295:24)
    at grantToken (C:\Users\Funoon\AppData\Roaming\npm\node_modules\firebase-tools\lib\emulator\auth\operations.js:1212:38)
    at Proxy.<anonymous> (C:\Users\Funoon\AppData\Roaming\npm\node_modules\firebase-tools\lib\emulator\auth\server.js:375:20)
    at C:\Users\Funoon\AppData\Roaming\npm\node_modules\firebase-tools\node_modules\promise-breaker\index.js:265:46
    at runMicrotasks (<anonymous>)
    at processTicksAndRejections (node:internal/process/task_queues:96:5) {"metadata":{"emulator":{"name":"auth"},"message":"Error: Internal state invariant broken: no user with ID: nSrgbdemflb39zXHG0WxuHZAJOrf\n    at AgentProjectState.getUserByLocalIdAssertingExists (C:\\Users\\Funoon\\AppData\\Roaming\\npm\\node_modules\\firebase-tools\\lib\\emulator\\auth\\state.js:208:19)\n    at AgentProjectState.validateRefreshToken (C:\\Users\\Funoon\\AppData\\Roaming\\npm\\node_modules\\firebase-tools\\lib\\emulator\\auth\\state.js:295:24)\n    at grantToken (C:\\Users\\Funoon\\AppData\\Roaming\\npm\\node_modules\\firebase-tools\\lib\\emulator\\auth\\operations.js:1212:38)\n    at Proxy.<anonymous> (C:\\Users\\Funoon\\AppData\\Roaming\\npm\\node_modules\\firebase-tools\\lib\\emulator\\auth\\server.js:375:20)\n    at C:\\Users\\Funoon\\AppData\\Roaming\\npm\\node_modules\\firebase-tools\\node_modules\\promise-breaker\\index.js:265:46\n    at runMicrotasks (<anonymous>)\n    at processTicksAndRejections (node:internal/process/task_queues:96:5)"}}
[warn] !  Error: Internal state invariant broken: no user with ID: nSrgbdemflb39zXHG0WxuHZAJOrf
    at AgentProjectState.getUserByLocalIdAssertingExists (C:\Users\Funoon\AppData\Roaming\npm\node_modules\firebase-tools\lib\emulator\auth\state.js:208:19)
    at AgentProjectState.validateRefreshToken (C:\Users\Funoon\AppData\Roaming\npm\node_modules\firebase-tools\lib\emulator\auth\state.js:295:24)
    at grantToken (C:\Users\Funoon\AppData\Roaming\npm\node_modules\firebase-tools\lib\emulator\auth\operations.js:1212:38)
    at Proxy.<anonymous> (C:\Users\Funoon\AppData\Roaming\npm\node_modules\firebase-tools\lib\emulator\auth\server.js:375:20)
    at C:\Users\Funoon\AppData\Roaming\npm\node_modules\firebase-tools\node_modules\promise-breaker\index.js:265:46
    at runMicrotasks (<anonymous>)
    at processTicksAndRejections (node:internal/process/task_queues:96:5) {"metadata":{"emulator":{"name":"auth"},"message":"Error: Internal state invariant broken: no user with ID: nSrgbdemflb39zXHG0WxuHZAJOrf\n    at AgentProjectState.getUserByLocalIdAssertingExists (C:\\Users\\Funoon\\AppData\\Roaming\\npm\\node_modules\\firebase-tools\\lib\\emulator\\auth\\state.js:208:19)\n    at AgentProjectState.validateRefreshToken (C:\\Users\\Funoon\\AppData\\Roaming\\npm\\node_modules\\firebase-tools\\lib\\emulator\\auth\\state.js:295:24)\n    at grantToken (C:\\Users\\Funoon\\AppData\\Roaming\\npm\\node_modules\\firebase-tools\\lib\\emulator\\auth\\operations.js:1212:38)\n    at Proxy.<anonymous> (C:\\Users\\Funoon\\AppData\\Roaming\\npm\\node_modules\\firebase-tools\\lib\\emulator\\auth\\server.js:375:20)\n    at C:\\Users\\Funoon\\AppData\\Roaming\\npm\\node_modules\\firebase-tools\\node_modules\\promise-breaker\\index.js:265:46\n    at runMicrotasks (<anonymous>)\n    at processTicksAndRejections (node:internal/process/task_queues:96:5)"}}
[warn] !  Error: Internal state invariant broken: no user with ID: nSrgbdemflb39zXHG0WxuHZAJOrf
    at AgentProjectState.getUserByLocalIdAssertingExists (C:\Users\Funoon\AppData\Roaming\npm\node_modules\firebase-tools\lib\emulator\auth\state.js:208:19)
    at AgentProjectState.validateRefreshToken (C:\Users\Funoon\AppData\Roaming\npm\node_modules\firebase-tools\lib\emulator\auth\state.js:295:24)
    at grantToken (C:\Users\Funoon\AppData\Roaming\npm\node_modules\firebase-tools\lib\emulator\auth\operations.js:1212:38)
    at Proxy.<anonymous> (C:\Users\Funoon\AppData\Roaming\npm\node_modules\firebase-tools\lib\emulator\auth\server.js:375:20)
    at C:\Users\Funoon\AppData\Roaming\npm\node_modules\firebase-tools\node_modules\promise-breaker\index.js:265:46
    at runMicrotasks (<anonymous>)
    at processTicksAndRejections (node:internal/process/task_queues:96:5) {"metadata":{"emulator":{"name":"auth"},"message":"Error: Internal state invariant broken: no user with ID: nSrgbdemflb39zXHG0WxuHZAJOrf\n    at AgentProjectState.getUserByLocalIdAssertingExists (C:\\Users\\Funoon\\AppData\\Roaming\\npm\\node_modules\\firebase-tools\\lib\\emulator\\auth\\state.js:208:19)\n    at AgentProjectState.validateRefreshToken (C:\\Users\\Funoon\\AppData\\Roaming\\npm\\node_modules\\firebase-tools\\lib\\emulator\\auth\\state.js:295:24)\n    at grantToken (C:\\Users\\Funoon\\AppData\\Roaming\\npm\\node_modules\\firebase-tools\\lib\\emulator\\auth\\operations.js:1212:38)\n    at Proxy.<anonymous> (C:\\Users\\Funoon\\AppData\\Roaming\\npm\\node_modules\\firebase-tools\\lib\\emulator\\auth\\server.js:375:20)\n    at C:\\Users\\Funoon\\AppData\\Roaming\\npm\\node_modules\\firebase-tools\\node_modules\\promise-breaker\\index.js:265:46\n    at runMicrotasks (<anonymous>)\n    at processTicksAndRejections (node:internal/process/task_queues:96:5)"}}
[warn] !  Error: Internal state invariant broken: no user with ID: nSrgbdemflb39zXHG0WxuHZAJOrf
    at AgentProjectState.getUserByLocalIdAssertingExists (C:\Users\Funoon\AppData\Roaming\npm\node_modules\firebase-tools\lib\emulator\auth\state.js:208:19)
    at AgentProjectState.validateRefreshToken (C:\Users\Funoon\AppData\Roaming\npm\node_modules\firebase-tools\lib\emulator\auth\state.js:295:24)
    at grantToken (C:\Users\Funoon\AppData\Roaming\npm\node_modules\firebase-tools\lib\emulator\auth\operations.js:1212:38)
    at Proxy.<anonymous> (C:\Users\Funoon\AppData\Roaming\npm\node_modules\firebase-tools\lib\emulator\auth\server.js:375:20)
    at C:\Users\Funoon\AppData\Roaming\npm\node_modules\firebase-tools\node_modules\promise-breaker\index.js:265:46
    at runMicrotasks (<anonymous>)
    at processTicksAndRejections (node:internal/process/task_queues:96:5) {"metadata":{"emulator":{"name":"auth"},"message":"Error: Internal state invariant broken: no user with ID: nSrgbdemflb39zXHG0WxuHZAJOrf\n    at AgentProjectState.getUserByLocalIdAssertingExists (C:\\Users\\Funoon\\AppData\\Roaming\\npm\\node_modules\\firebase-tools\\lib\\emulator\\auth\\state.js:208:19)\n    at AgentProjectState.validateRefreshToken (C:\\Users\\Funoon\\AppData\\Roaming\\npm\\node_modules\\firebase-tools\\lib\\emulator\\auth\\state.js:295:24)\n    at grantToken (C:\\Users\\Funoon\\AppData\\Roaming\\npm\\node_modules\\firebase-tools\\lib\\emulator\\auth\\operations.js:1212:38)\n    at Proxy.<anonymous> (C:\\Users\\Funoon\\AppData\\Roaming\\npm\\node_modules\\firebase-tools\\lib\\emulator\\auth\\server.js:375:20)\n    at C:\\Users\\Funoon\\AppData\\Roaming\\npm\\node_modules\\firebase-tools\\node_modules\\promise-breaker\\index.js:265:46\n    at runMicrotasks (<anonymous>)\n    at processTicksAndRejections (node:internal/process/task_queues:96:5)"}}
[warn] !  Error: Internal state invariant broken: no user with ID: nSrgbdemflb39zXHG0WxuHZAJOrf
    at AgentProjectState.getUserByLocalIdAssertingExists (C:\Users\Funoon\AppData\Roaming\npm\node_modules\firebase-tools\lib\emulator\auth\state.js:208:19)
    at AgentProjectState.validateRefreshToken (C:\Users\Funoon\AppData\Roaming\npm\node_modules\firebase-tools\lib\emulator\auth\state.js:295:24)
    at grantToken (C:\Users\Funoon\AppData\Roaming\npm\node_modules\firebase-tools\lib\emulator\auth\operations.js:1212:38)
    at Proxy.<anonymous> (C:\Users\Funoon\AppData\Roaming\npm\node_modules\firebase-tools\lib\emulator\auth\server.js:375:20)
    at C:\Users\Funoon\AppData\Roaming\npm\node_modules\firebase-tools\node_modules\promise-breaker\index.js:265:46
    at runMicrotasks (<anonymous>)
    at processTicksAndRejections (node:internal/process/task_queues:96:5) {"metadata":{"emulator":{"name":"auth"},"message":"Error: Internal state invariant broken: no user with ID: nSrgbdemflb39zXHG0WxuHZAJOrf\n    at AgentProjectState.getUserByLocalIdAssertingExists (C:\\Users\\Funoon\\AppData\\Roaming\\npm\\node_modules\\firebase-tools\\lib\\emulator\\auth\\state.js:208:19)\n    at AgentProjectState.validateRefreshToken (C:\\Users\\Funoon\\AppData\\Roaming\\npm\\node_modules\\firebase-tools\\lib\\emulator\\auth\\state.js:295:24)\n    at grantToken (C:\\Users\\Funoon\\AppData\\Roaming\\npm\\node_modules\\firebase-tools\\lib\\emulator\\auth\\operations.js:1212:38)\n    at Proxy.<anonymous> (C:\\Users\\Funoon\\AppData\\Roaming\\npm\\node_modules\\firebase-tools\\lib\\emulator\\auth\\server.js:375:20)\n    at C:\\Users\\Funoon\\AppData\\Roaming\\npm\\node_modules\\firebase-tools\\node_modules\\promise-breaker\\index.js:265:46\n    at runMicrotasks (<anonymous>)\n    at processTicksAndRejections (node:internal/process/task_queues:96:5)"}}
[warn] !  Error: Internal state invariant broken: no user with ID: nSrgbdemflb39zXHG0WxuHZAJOrf
    at AgentProjectState.getUserByLocalIdAssertingExists (C:\Users\Funoon\AppData\Roaming\npm\node_modules\firebase-tools\lib\emulator\auth\state.js:208:19)
    at AgentProjectState.validateRefreshToken (C:\Users\Funoon\AppData\Roaming\npm\node_modules\firebase-tools\lib\emulator\auth\state.js:295:24)
    at grantToken (C:\Users\Funoon\AppData\Roaming\npm\node_modules\firebase-tools\lib\emulator\auth\operations.js:1212:38)
    at Proxy.<anonymous> (C:\Users\Funoon\AppData\Roaming\npm\node_modules\firebase-tools\lib\emulator\auth\server.js:375:20)
    at C:\Users\Funoon\AppData\Roaming\npm\node_modules\firebase-tools\node_modules\promise-breaker\index.js:265:46
    at runMicrotasks (<anonymous>)
    at processTicksAndRejections (node:internal/process/task_queues:96:5) {"metadata":{"emulator":{"name":"auth"},"message":"Error: Internal state invariant broken: no user with ID: nSrgbdemflb39zXHG0WxuHZAJOrf\n    at AgentProjectState.getUserByLocalIdAssertingExists (C:\\Users\\Funoon\\AppData\\Roaming\\npm\\node_modules\\firebase-tools\\lib\\emulator\\auth\\state.js:208:19)\n    at AgentProjectState.validateRefreshToken (C:\\Users\\Funoon\\AppData\\Roaming\\npm\\node_modules\\firebase-tools\\lib\\emulator\\auth\\state.js:295:24)\n    at grantToken (C:\\Users\\Funoon\\AppData\\Roaming\\npm\\node_modules\\firebase-tools\\lib\\emulator\\auth\\operations.js:1212:38)\n    at Proxy.<anonymous> (C:\\Users\\Funoon\\AppData\\Roaming\\npm\\node_modules\\firebase-tools\\lib\\emulator\\auth\\server.js:375:20)\n    at C:\\Users\\Funoon\\AppData\\Roaming\\npm\\node_modules\\firebase-tools\\node_modules\\promise-breaker\\index.js:265:46\n    at runMicrotasks (<anonymous>)\n    at processTicksAndRejections (node:internal/process/task_queues:96:5)"}}
[warn] !  Error: Internal state invariant broken: no user with ID: nSrgbdemflb39zXHG0WxuHZAJOrf
    at AgentProjectState.getUserByLocalIdAssertingExists (C:\Users\Funoon\AppData\Roaming\npm\node_modules\firebase-tools\lib\emulator\auth\state.js:208:19)
    at AgentProjectState.validateRefreshToken (C:\Users\Funoon\AppData\Roaming\npm\node_modules\firebase-tools\lib\emulator\auth\state.js:295:24)
    at grantToken (C:\Users\Funoon\AppData\Roaming\npm\node_modules\firebase-tools\lib\emulator\auth\operations.js:1212:38)
    at Proxy.<anonymous> (C:\Users\Funoon\AppData\Roaming\npm\node_modules\firebase-tools\lib\emulator\auth\server.js:375:20)
    at C:\Users\Funoon\AppData\Roaming\npm\node_modules\firebase-tools\node_modules\promise-breaker\index.js:265:46
    at runMicrotasks (<anonymous>)
    at processTicksAndRejections (node:internal/process/task_queues:96:5) {"metadata":{"emulator":{"name":"auth"},"message":"Error: Internal state invariant broken: no user with ID: nSrgbdemflb39zXHG0WxuHZAJOrf\n    at AgentProjectState.getUserByLocalIdAssertingExists (C:\\Users\\Funoon\\AppData\\Roaming\\npm\\node_modules\\firebase-tools\\lib\\emulator\\auth\\state.js:208:19)\n    at AgentProjectState.validateRefreshToken (C:\\Users\\Funoon\\AppData\\Roaming\\npm\\node_modules\\firebase-tools\\lib\\emulator\\auth\\state.js:295:24)\n    at grantToken (C:\\Users\\Funoon\\AppData\\Roaming\\npm\\node_modules\\firebase-tools\\lib\\emulator\\auth\\operations.js:1212:38)\n    at Proxy.<anonymous> (C:\\Users\\Funoon\\AppData\\Roaming\\npm\\node_modules\\firebase-tools\\lib\\emulator\\auth\\server.js:375:20)\n    at C:\\Users\\Funoon\\AppData\\Roaming\\npm\\node_modules\\firebase-tools\\node_modules\\promise-breaker\\index.js:265:46\n    at runMicrotasks (<anonymous>)\n    at processTicksAndRejections (node:internal/process/task_queues:96:5)"}}
